[2.104s] DEBUG:colcon:Command line arguments: ['/usr/bin/colcon', 'build', '--packages-select', 'gemelo_digital_qav250', '--symlink-install']
[2.104s] DEBUG:colcon:Parsed command line arguments: Namespace(log_base=None, log_level=None, verb_name='build', build_base='build', install_base='install', merge_install=False, symlink_install=True, test_result_base=None, continue_on_error=False, executor='parallel', parallel_workers=8, event_handlers=None, ignore_user_meta=False, metas=['./colcon.meta'], base_paths=['.'], packages_ignore=None, packages_ignore_regex=None, paths=None, packages_up_to=None, packages_up_to_regex=None, packages_above=None, packages_above_and_dependencies=None, packages_above_depth=None, packages_select_by_dep=None, packages_skip_by_dep=None, packages_skip_up_to=None, packages_select_build_failed=False, packages_skip_build_finished=False, packages_select_test_failures=False, packages_skip_test_passed=False, packages_select=['gemelo_digital_qav250'], packages_skip=None, packages_select_regex=None, packages_skip_regex=None, packages_start=None, packages_end=None, allow_overriding=[], cmake_args=None, cmake_target=None, cmake_target_skip_unavailable=False, cmake_clean_cache=False, cmake_clean_first=False, cmake_force_configure=False, ament_cmake_args=None, catkin_cmake_args=None, catkin_skip_building_tests=False, mixin_files=None, mixin=None, verb_parser=<colcon_mixin.mixin.mixin_argument.MixinArgumentDecorator object at 0x7b143de56fb0>, verb_extension=<colcon_core.verb.build.BuildVerb object at 0x7b143de144f0>, main=<bound method BuildVerb.main of <colcon_core.verb.build.BuildVerb object at 0x7b143de144f0>>, mixin_verb=('build',))
[8.920s] Level 1:colcon.colcon_core.package_discovery:discover_packages(colcon_meta) check parameters
[8.920s] Level 1:colcon.colcon_core.package_discovery:discover_packages(recursive) check parameters
[8.920s] Level 1:colcon.colcon_core.package_discovery:discover_packages(ignore) check parameters
[8.920s] Level 1:colcon.colcon_core.package_discovery:discover_packages(path) check parameters
[8.920s] Level 1:colcon.colcon_core.package_discovery:discover_packages(colcon_meta) discover
[8.920s] Level 1:colcon.colcon_core.package_discovery:discover_packages(recursive) discover
[8.920s] INFO:colcon.colcon_core.package_discovery:Crawling recursively for packages in '/home/bris/Desktop/reto/gemelo_digital_qav250'
[8.920s] Level 1:colcon.colcon_core.package_identification:_identify(.) by extensions ['ignore', 'ignore_ament_install']
[8.921s] Level 1:colcon.colcon_core.package_identification:_identify(.) by extension 'ignore'
[8.921s] Level 1:colcon.colcon_core.package_identification:_identify(.) by extension 'ignore_ament_install'
[8.921s] Level 1:colcon.colcon_core.package_identification:_identify(.) by extensions ['colcon_pkg']
[8.921s] Level 1:colcon.colcon_core.package_identification:_identify(.) by extension 'colcon_pkg'
[8.921s] Level 1:colcon.colcon_core.package_identification:_identify(.) by extensions ['colcon_meta']
[8.921s] Level 1:colcon.colcon_core.package_identification:_identify(.) by extension 'colcon_meta'
[8.921s] Level 1:colcon.colcon_core.package_identification:_identify(.) by extensions ['ros']
[8.921s] Level 1:colcon.colcon_core.package_identification:_identify(.) by extension 'ros'
[8.963s] Level 1:colcon.colcon_core.package_identification:_identify(.) by extensions ['cmake', 'python']
[8.963s] Level 1:colcon.colcon_core.package_identification:_identify(.) by extension 'cmake'
[8.964s] Level 1:colcon.colcon_core.package_identification:_identify(.) by extension 'python'
[8.964s] Level 1:colcon.colcon_core.package_identification:_identify(.) by extensions ['python_setup_py']
[8.964s] Level 1:colcon.colcon_core.package_identification:_identify(.) by extension 'python_setup_py'
[8.964s] Level 1:colcon.colcon_core.package_identification:_identify(build) by extensions ['ignore', 'ignore_ament_install']
[8.964s] Level 1:colcon.colcon_core.package_identification:_identify(build) by extension 'ignore'
[8.964s] Level 1:colcon.colcon_core.package_identification:_identify(build) ignored
[8.964s] Level 1:colcon.colcon_core.package_identification:_identify(install) by extensions ['ignore', 'ignore_ament_install']
[8.964s] Level 1:colcon.colcon_core.package_identification:_identify(install) by extension 'ignore'
[8.964s] Level 1:colcon.colcon_core.package_identification:_identify(install) ignored
[8.964s] Level 1:colcon.colcon_core.package_identification:_identify(log) by extensions ['ignore', 'ignore_ament_install']
[8.964s] Level 1:colcon.colcon_core.package_identification:_identify(log) by extension 'ignore'
[8.964s] Level 1:colcon.colcon_core.package_identification:_identify(log) ignored
[8.964s] Level 1:colcon.colcon_core.package_identification:_identify(src_tw) by extensions ['ignore', 'ignore_ament_install']
[8.964s] Level 1:colcon.colcon_core.package_identification:_identify(src_tw) by extension 'ignore'
[8.964s] Level 1:colcon.colcon_core.package_identification:_identify(src_tw) by extension 'ignore_ament_install'
[8.964s] Level 1:colcon.colcon_core.package_identification:_identify(src_tw) by extensions ['colcon_pkg']
[8.964s] Level 1:colcon.colcon_core.package_identification:_identify(src_tw) by extension 'colcon_pkg'
[8.964s] Level 1:colcon.colcon_core.package_identification:_identify(src_tw) by extensions ['colcon_meta']
[8.964s] Level 1:colcon.colcon_core.package_identification:_identify(src_tw) by extension 'colcon_meta'
[8.965s] Level 1:colcon.colcon_core.package_identification:_identify(src_tw) by extensions ['ros']
[8.965s] Level 1:colcon.colcon_core.package_identification:_identify(src_tw) by extension 'ros'
[9.057s] DEBUG:colcon.colcon_core.package_identification:Package 'src_tw' with type 'ros.ament_python' and name 'gemelo_digital_qav250'
[9.057s] Level 1:colcon.colcon_core.package_discovery:discover_packages(recursive) using defaults
[9.057s] Level 1:colcon.colcon_core.package_discovery:discover_packages(ignore) discover
[9.057s] Level 1:colcon.colcon_core.package_discovery:discover_packages(ignore) using defaults
[9.057s] Level 1:colcon.colcon_core.package_discovery:discover_packages(path) discover
[9.057s] Level 1:colcon.colcon_core.package_discovery:discover_packages(path) using defaults
[9.601s] Level 1:colcon.colcon_core.package_discovery:discover_packages(prefix_path) check parameters
[9.601s] Level 1:colcon.colcon_core.package_discovery:discover_packages(prefix_path) discover
[9.726s] DEBUG:colcon.colcon_installed_package_information.package_discovery:Found 1 installed packages in /home/bris/ros2_ws/install
[9.727s] DEBUG:colcon.colcon_installed_package_information.package_discovery:Found 288 installed packages in /opt/ros/humble
[9.728s] Level 1:colcon.colcon_core.package_discovery:discover_packages(prefix_path) using defaults
[9.837s] Level 5:colcon.colcon_core.verb:set package 'gemelo_digital_qav250' build argument 'cmake_args' from command line to 'None'
[9.837s] Level 5:colcon.colcon_core.verb:set package 'gemelo_digital_qav250' build argument 'cmake_target' from command line to 'None'
[9.837s] Level 5:colcon.colcon_core.verb:set package 'gemelo_digital_qav250' build argument 'cmake_target_skip_unavailable' from command line to 'False'
[9.837s] Level 5:colcon.colcon_core.verb:set package 'gemelo_digital_qav250' build argument 'cmake_clean_cache' from command line to 'False'
[9.837s] Level 5:colcon.colcon_core.verb:set package 'gemelo_digital_qav250' build argument 'cmake_clean_first' from command line to 'False'
[9.837s] Level 5:colcon.colcon_core.verb:set package 'gemelo_digital_qav250' build argument 'cmake_force_configure' from command line to 'False'
[9.837s] Level 5:colcon.colcon_core.verb:set package 'gemelo_digital_qav250' build argument 'ament_cmake_args' from command line to 'None'
[9.837s] Level 5:colcon.colcon_core.verb:set package 'gemelo_digital_qav250' build argument 'catkin_cmake_args' from command line to 'None'
[9.837s] Level 5:colcon.colcon_core.verb:set package 'gemelo_digital_qav250' build argument 'catkin_skip_building_tests' from command line to 'False'
[9.837s] DEBUG:colcon.colcon_core.verb:Building package 'gemelo_digital_qav250' with the following arguments: {'ament_cmake_args': None, 'build_base': '/home/bris/Desktop/reto/gemelo_digital_qav250/build/gemelo_digital_qav250', 'catkin_cmake_args': None, 'catkin_skip_building_tests': False, 'cmake_args': None, 'cmake_clean_cache': False, 'cmake_clean_first': False, 'cmake_force_configure': False, 'cmake_target': None, 'cmake_target_skip_unavailable': False, 'install_base': '/home/bris/Desktop/reto/gemelo_digital_qav250/install/gemelo_digital_qav250', 'merge_install': False, 'path': '/home/bris/Desktop/reto/gemelo_digital_qav250/src_tw', 'symlink_install': True, 'test_result_base': None}
[9.837s] INFO:colcon.colcon_core.executor:Executing jobs using 'parallel' executor
[9.838s] DEBUG:colcon.colcon_parallel_executor.executor.parallel:run_until_complete
[9.838s] INFO:colcon.colcon_ros.task.ament_python.build:Building ROS package in '/home/bris/Desktop/reto/gemelo_digital_qav250/src_tw' with build type 'ament_python'
[9.838s] Level 1:colcon.colcon_core.shell:create_environment_hook('gemelo_digital_qav250', 'ament_prefix_path')
[9.874s] INFO:colcon.colcon_core.plugin_system:Skipping extension 'colcon_core.shell.bat': Not used on non-Windows systems
[9.874s] INFO:colcon.colcon_core.shell:Creating environment hook '/home/bris/Desktop/reto/gemelo_digital_qav250/install/gemelo_digital_qav250/share/gemelo_digital_qav250/hook/ament_prefix_path.ps1'
[9.891s] INFO:colcon.colcon_core.shell:Creating environment descriptor '/home/bris/Desktop/reto/gemelo_digital_qav250/install/gemelo_digital_qav250/share/gemelo_digital_qav250/hook/ament_prefix_path.dsv'
[9.908s] INFO:colcon.colcon_core.shell:Creating environment hook '/home/bris/Desktop/reto/gemelo_digital_qav250/install/gemelo_digital_qav250/share/gemelo_digital_qav250/hook/ament_prefix_path.sh'
[9.919s] INFO:colcon.colcon_core.shell:Skip shell extension 'powershell' for command environment: Not usable outside of PowerShell
[9.919s] DEBUG:colcon.colcon_core.shell:Skip shell extension 'dsv' for command environment
[10.180s] INFO:colcon.colcon_core.task.python.build:Building Python package in '/home/bris/Desktop/reto/gemelo_digital_qav250/src_tw'
[10.181s] INFO:colcon.colcon_core.shell:Skip shell extension 'powershell' for command environment: Not usable outside of PowerShell
[10.181s] DEBUG:colcon.colcon_core.shell:Skip shell extension 'dsv' for command environment
[12.297s] DEBUG:colcon.colcon_core.event_handler.log_command:Invoking command in '/home/bris/Desktop/reto/gemelo_digital_qav250/build/gemelo_digital_qav250': PYTHONPATH=/home/bris/Desktop/reto/gemelo_digital_qav250/build/gemelo_digital_qav250/prefix_override:/usr/lib/python3/dist-packages/colcon_core/task/python/colcon_distutils_commands:/home/bris/Desktop/reto/gemelo_digital_qav250/install/gemelo_digital_qav250/lib/python3.10/site-packages:${PYTHONPATH} /usr/bin/python3 -W ignore:setup.py install is deprecated -W ignore:easy_install command is deprecated setup.py develop --editable --build-directory /home/bris/Desktop/reto/gemelo_digital_qav250/build/gemelo_digital_qav250/build --no-deps symlink_data
[12.776s] Level 1:colcon.colcon_core.shell:create_environment_hook('gemelo_digital_qav250', 'pythonpath_develop')
[12.776s] INFO:colcon.colcon_core.shell:Creating environment hook '/home/bris/Desktop/reto/gemelo_digital_qav250/build/gemelo_digital_qav250/share/gemelo_digital_qav250/hook/pythonpath_develop.ps1'
[12.776s] DEBUG:colcon.colcon_core.event_handler.log_command:Invoked command in '/home/bris/Desktop/reto/gemelo_digital_qav250/build/gemelo_digital_qav250' returned '0': PYTHONPATH=/home/bris/Desktop/reto/gemelo_digital_qav250/build/gemelo_digital_qav250/prefix_override:/usr/lib/python3/dist-packages/colcon_core/task/python/colcon_distutils_commands:/home/bris/Desktop/reto/gemelo_digital_qav250/install/gemelo_digital_qav250/lib/python3.10/site-packages:${PYTHONPATH} /usr/bin/python3 -W ignore:setup.py install is deprecated -W ignore:easy_install command is deprecated setup.py develop --editable --build-directory /home/bris/Desktop/reto/gemelo_digital_qav250/build/gemelo_digital_qav250/build --no-deps symlink_data
[12.777s] INFO:colcon.colcon_core.shell:Creating environment descriptor '/home/bris/Desktop/reto/gemelo_digital_qav250/build/gemelo_digital_qav250/share/gemelo_digital_qav250/hook/pythonpath_develop.dsv'
[12.777s] INFO:colcon.colcon_core.shell:Creating environment hook '/home/bris/Desktop/reto/gemelo_digital_qav250/build/gemelo_digital_qav250/share/gemelo_digital_qav250/hook/pythonpath_develop.sh'
[13.422s] Level 1:colcon.colcon_core.environment:checking '/home/bris/Desktop/reto/gemelo_digital_qav250/install/gemelo_digital_qav250' for CMake module files
[13.422s] Level 1:colcon.colcon_core.environment:checking '/home/bris/Desktop/reto/gemelo_digital_qav250/install/gemelo_digital_qav250' for CMake config files
[13.423s] Level 1:colcon.colcon_core.environment:checking '/home/bris/Desktop/reto/gemelo_digital_qav250/install/gemelo_digital_qav250/lib'
[13.423s] Level 1:colcon.colcon_core.environment:checking '/home/bris/Desktop/reto/gemelo_digital_qav250/install/gemelo_digital_qav250/bin'
[13.423s] Level 1:colcon.colcon_core.environment:checking '/home/bris/Desktop/reto/gemelo_digital_qav250/install/gemelo_digital_qav250/lib/pkgconfig/gemelo_digital_qav250.pc'
[13.423s] Level 1:colcon.colcon_core.environment:checking '/home/bris/Desktop/reto/gemelo_digital_qav250/install/gemelo_digital_qav250/lib/python3.10/site-packages'
[13.423s] Level 1:colcon.colcon_core.shell:create_environment_hook('gemelo_digital_qav250', 'pythonpath')
[13.423s] INFO:colcon.colcon_core.shell:Creating environment hook '/home/bris/Desktop/reto/gemelo_digital_qav250/install/gemelo_digital_qav250/share/gemelo_digital_qav250/hook/pythonpath.ps1'
[13.424s] INFO:colcon.colcon_core.shell:Creating environment descriptor '/home/bris/Desktop/reto/gemelo_digital_qav250/install/gemelo_digital_qav250/share/gemelo_digital_qav250/hook/pythonpath.dsv'
[13.424s] INFO:colcon.colcon_core.shell:Creating environment hook '/home/bris/Desktop/reto/gemelo_digital_qav250/install/gemelo_digital_qav250/share/gemelo_digital_qav250/hook/pythonpath.sh'
[13.425s] Level 1:colcon.colcon_core.environment:checking '/home/bris/Desktop/reto/gemelo_digital_qav250/install/gemelo_digital_qav250/bin'
[13.425s] Level 1:colcon.colcon_core.environment:create_environment_scripts_only(gemelo_digital_qav250)
[13.425s] INFO:colcon.colcon_core.shell:Creating package script '/home/bris/Desktop/reto/gemelo_digital_qav250/install/gemelo_digital_qav250/share/gemelo_digital_qav250/package.ps1'
[13.550s] INFO:colcon.colcon_core.shell:Creating package descriptor '/home/bris/Desktop/reto/gemelo_digital_qav250/install/gemelo_digital_qav250/share/gemelo_digital_qav250/package.dsv'
[13.625s] INFO:colcon.colcon_core.shell:Creating package script '/home/bris/Desktop/reto/gemelo_digital_qav250/install/gemelo_digital_qav250/share/gemelo_digital_qav250/package.sh'
[13.740s] INFO:colcon.colcon_core.shell:Creating package script '/home/bris/Desktop/reto/gemelo_digital_qav250/install/gemelo_digital_qav250/share/gemelo_digital_qav250/package.bash'
[13.798s] INFO:colcon.colcon_core.shell:Creating package script '/home/bris/Desktop/reto/gemelo_digital_qav250/install/gemelo_digital_qav250/share/gemelo_digital_qav250/package.zsh'
[13.973s] Level 1:colcon.colcon_core.environment:create_file_with_runtime_dependencies(/home/bris/Desktop/reto/gemelo_digital_qav250/install/gemelo_digital_qav250/share/colcon-core/packages/gemelo_digital_qav250)
[13.973s] DEBUG:colcon.colcon_parallel_executor.executor.parallel:closing loop
[13.974s] DEBUG:colcon.colcon_parallel_executor.executor.parallel:loop closed
[13.974s] DEBUG:colcon.colcon_parallel_executor.executor.parallel:run_until_complete finished with '0'
[13.974s] DEBUG:colcon.colcon_core.event_reactor:joining thread
[14.317s] INFO:colcon.colcon_core.plugin_system:Skipping extension 'colcon_notification.desktop_notification.terminal_notifier': Not used on non-Darwin systems
[14.318s] INFO:colcon.colcon_core.plugin_system:Skipping extension 'colcon_notification.desktop_notification.win32': Not used on non-Windows systems
[14.318s] INFO:colcon.colcon_notification.desktop_notification:Sending desktop notification using 'notify2'
[14.326s] DEBUG:colcon.colcon_core.event_reactor:joined thread
[14.326s] INFO:colcon.colcon_core.shell:Creating prefix script '/home/bris/Desktop/reto/gemelo_digital_qav250/install/local_setup.ps1'
[14.392s] INFO:colcon.colcon_core.shell:Creating prefix util module '/home/bris/Desktop/reto/gemelo_digital_qav250/install/_local_setup_util_ps1.py'
[14.446s] INFO:colcon.colcon_core.shell:Creating prefix chain script '/home/bris/Desktop/reto/gemelo_digital_qav250/install/setup.ps1'
[14.519s] INFO:colcon.colcon_core.shell:Creating prefix script '/home/bris/Desktop/reto/gemelo_digital_qav250/install/local_setup.sh'
[14.582s] INFO:colcon.colcon_core.shell:Creating prefix util module '/home/bris/Desktop/reto/gemelo_digital_qav250/install/_local_setup_util_sh.py'
[14.583s] INFO:colcon.colcon_core.shell:Creating prefix chain script '/home/bris/Desktop/reto/gemelo_digital_qav250/install/setup.sh'
[14.640s] INFO:colcon.colcon_core.shell:Creating prefix script '/home/bris/Desktop/reto/gemelo_digital_qav250/install/local_setup.bash'
[14.801s] INFO:colcon.colcon_core.shell:Creating prefix chain script '/home/bris/Desktop/reto/gemelo_digital_qav250/install/setup.bash'
[14.825s] INFO:colcon.colcon_core.shell:Creating prefix script '/home/bris/Desktop/reto/gemelo_digital_qav250/install/local_setup.zsh'
[14.862s] INFO:colcon.colcon_core.shell:Creating prefix chain script '/home/bris/Desktop/reto/gemelo_digital_qav250/install/setup.zsh'
