[2.987s] Invoking command in '/home/bris/Desktop/reto/gemelo_digital_qav250/src_tw/build/gemelo_digital_qav250': PYTHONPATH=/home/bris/Desktop/reto/gemelo_digital_qav250/src_tw/build/gemelo_digital_qav250/prefix_override:/usr/lib/python3/dist-packages/colcon_core/task/python/colcon_distutils_commands:/home/bris/Desktop/reto/gemelo_digital_qav250/src_tw/install/gemelo_digital_qav250/lib/python3.10/site-packages:${PYTHONPATH} /usr/bin/python3 -W ignore:setup.py install is deprecated -W ignore:easy_install command is deprecated setup.py develop --editable --build-directory /home/bris/Desktop/reto/gemelo_digital_qav250/src_tw/build/gemelo_digital_qav250/build --no-deps symlink_data
[3.243s] running develop
[3.428s] running egg_info
[3.428s] writing gemelo_digital_qav250.egg-info/PKG-INFO
[3.428s] writing dependency_links to gemelo_digital_qav250.egg-info/dependency_links.txt
[3.428s] writing entry points to gemelo_digital_qav250.egg-info/entry_points.txt
[3.428s] writing requirements to gemelo_digital_qav250.egg-info/requires.txt
[3.428s] writing top-level names to gemelo_digital_qav250.egg-info/top_level.txt
[3.430s] reading manifest file 'gemelo_digital_qav250.egg-info/SOURCES.txt'
[3.443s] writing manifest file 'gemelo_digital_qav250.egg-info/SOURCES.txt'
[3.444s] running build_ext
[3.444s] Creating /home/bris/Desktop/reto/gemelo_digital_qav250/src_tw/install/gemelo_digital_qav250/lib/python3.10/site-packages/gemelo-digital-qav250.egg-link (link to .)
[3.456s] Installing captura_pwm script to /home/bris/Desktop/reto/gemelo_digital_qav250/src_tw/install/gemelo_digital_qav250/lib/gemelo_digital_qav250
[3.456s] Installing nodo_gemelo_digital script to /home/bris/Desktop/reto/gemelo_digital_qav250/src_tw/install/gemelo_digital_qav250/lib/gemelo_digital_qav250
[3.456s] Installing registrar_datos script to /home/bris/Desktop/reto/gemelo_digital_qav250/src_tw/install/gemelo_digital_qav250/lib/gemelo_digital_qav250
[3.456s] Installing rutina_demo script to /home/bris/Desktop/reto/gemelo_digital_qav250/src_tw/install/gemelo_digital_qav250/lib/gemelo_digital_qav250
[3.456s] Installing ver_pose script to /home/bris/Desktop/reto/gemelo_digital_qav250/src_tw/install/gemelo_digital_qav250/lib/gemelo_digital_qav250
[3.457s] 
[3.457s] Installed /home/bris/Desktop/reto/gemelo_digital_qav250/src_tw/build/gemelo_digital_qav250
[3.457s] running symlink_data
[3.498s] Invoked command in '/home/bris/Desktop/reto/gemelo_digital_qav250/src_tw/build/gemelo_digital_qav250' returned '0': PYTHONPATH=/home/bris/Desktop/reto/gemelo_digital_qav250/src_tw/build/gemelo_digital_qav250/prefix_override:/usr/lib/python3/dist-packages/colcon_core/task/python/colcon_distutils_commands:/home/bris/Desktop/reto/gemelo_digital_qav250/src_tw/install/gemelo_digital_qav250/lib/python3.10/site-packages:${PYTHONPATH} /usr/bin/python3 -W ignore:setup.py install is deprecated -W ignore:easy_install command is deprecated setup.py develop --editable --build-directory /home/bris/Desktop/reto/gemelo_digital_qav250/src_tw/build/gemelo_digital_qav250/build --no-deps symlink_data
