[0.000000] (-) TimerEvent: {}
[0.000340] (gemelo_digital_qav250) JobQueued: {'identifier': 'gemelo_digital_qav250', 'dependencies': OrderedDict()}
[0.000452] (gemelo_digital_qav250) JobStarted: {'identifier': 'gemelo_digital_qav250'}
[0.099699] (-) TimerEvent: {}
[0.199922] (-) TimerEvent: {}
[0.300170] (-) TimerEvent: {}
[0.400406] (-) TimerEvent: {}
[0.479971] (gemelo_digital_qav250) Command: {'cmd': ['/usr/bin/python3', '-W', 'ignore:setup.py install is deprecated', '-W', 'ignore:easy_install command is deprecated', 'setup.py', 'develop', '--editable', '--build-directory', '/home/bris/ros2_ws/build/gemelo_digital_qav250/build', '--no-deps', 'symlink_data', '--force'], 'cwd': '/home/bris/ros2_ws/build/gemelo_digital_qav250', 'env': {'GJS_DEBUG_TOPICS': 'JS ERROR;JS LOG', 'LESSOPEN': '| /usr/bin/lesspipe %s', 'VSCODE_CWD': '/home/bris', 'USER': 'bris', 'LC_TIME': 'es_MX.UTF-8', 'VSCODE_NLS_CONFIG': '{"userLocale":"en-us","osLocale":"en-us","resolvedLanguage":"en","defaultMessagesFile":"/usr/share/antigravity/resources/app/out/nls.messages.json","locale":"en-us","availableLanguages":{}}', 'XDG_SESSION_TYPE': 'wayland', 'SHLVL': '0', 'LD_LIBRARY_PATH': '/usr/lib/x86_64-linux-gnu/gazebo-11/plugins:/usr/lib/x86_64-linux-gnu/gazebo-11/plugins:/opt/ros/humble/opt/rviz_ogre_vendor/lib:/opt/ros/humble/lib/x86_64-linux-gnu:/opt/ros/humble/lib:/usr/lib/x86_64-linux-gnu/gazebo-11/plugins:/usr/lib/x86_64-linux-gnu/gazebo-11/plugins:', 'HOME': '/home/bris', 'CHROME_DESKTOP': 'antigravity.desktop', 'DESKTOP_SESSION': 'ubuntu', 'VSCODE_IPC_HOOK': '/run/user/1000/vscode-b428d1a3-1.10-main.sock', 'GIO_LAUNCHED_DESKTOP_FILE': '/usr/share/applications/antigravity.desktop', 'GAZEBO_MASTER_URI': 'http://localhost:11345', 'ROS_PYTHON_VERSION': '3', 'GNOME_SHELL_SESSION_MODE': 'ubuntu', 'GTK_MODULES': 'gail:atk-bridge', 'PAGER': 'cat', 'LC_MONETARY': 'es_MX.UTF-8', 'MANAGERPID': '1023', 'SYSTEMD_EXEC_PID': '1300', 'IM_CONFIG_CHECK_ENV': '1', 'DBUS_SESSION_BUS_ADDRESS': 'unix:path=/run/user/1000/bus', 'ANTIGRAVITY_AGENT': '1', 'GIO_LAUNCHED_DESKTOP_FILE_PID': '10036', 'IM_CONFIG_PHASE': '1', 'WAYLAND_DISPLAY': 'wayland-0', 'COLCON_PREFIX_PATH': '/home/bris/ros2_ws/install', 'ROS_DISTRO': 'humble', 'LOGNAME': 'bris', '_': '/usr/bin/colcon', 'JOURNAL_STREAM': '8:10155', 'ROS_VERSION': '2', 'XDG_SESSION_CLASS': 'user', 'USERNAME': 'bris', 'TERM': 'dumb', 'GAZEBO_MODEL_PATH': '/usr/share/gazebo-11/models:/usr/share/gazebo-11/models::/home/bris/ros2_ws/src/gemelo_digital_qav250/models', 'GNOME_DESKTOP_SESSION_ID': 'this-is-deprecated', 'FC_FONTATIONS': '1', 'ROS_LOCALHOST_ONLY': '0', 'ANTIGRAVITY_EDITOR_APP_ROOT': '/usr/share/antigravity/resources/app', 'OGRE_RESOURCE_PATH': '/usr/lib/x86_64-linux-gnu/OGRE-1.9.0', 'PATH': '/home/bris/.local/bin:/opt/ros/humble/bin:/home/bris/.local/bin:/usr/local/sbin:/usr/local/bin:/usr/sbin:/usr/bin:/sbin:/bin:/usr/games:/usr/local/games:/snap/bin:/snap/bin:/opt/xtensa-esp-elf/bin/', 'SESSION_MANAGER': 'local/bris-BoDE-WXX9:@/tmp/.ICE-unix/1268,unix/bris-BoDE-WXX9:/tmp/.ICE-unix/1268', 'INVOCATION_ID': '69b1eddf34b84db5b811eb3c8c0fcbe1', 'XDG_MENU_PREFIX': 'gnome-', 'LC_ADDRESS': 'es_MX.UTF-8', 'GNOME_SETUP_DISPLAY': ':1', 'XDG_RUNTIME_DIR': '/run/user/1000', 'GDK_BACKEND': 'wayland', 'DISPLAY': ':0', 'LANG': 'en_US.UTF-8', 'XDG_CURRENT_DESKTOP': 'ubuntu:GNOME', 'LC_TELEPHONE': 'es_MX.UTF-8', 'XMODIFIERS': '@im=ibus', 'XDG_SESSION_DESKTOP': 'ubuntu', 'XAUTHORITY': '/run/user/1000/.mutter-Xwaylandauth.WEVUQ3', 'LS_COLORS': '', 'SSH_AGENT_LAUNCHER': 'gnome-keyring', 'SSH_AUTH_SOCK': '/run/user/1000/keyring/ssh', 'AMENT_PREFIX_PATH': '/home/bris/ros2_ws/install/gemelo_digital_qav250:/opt/ros/humble', 'SHELL': '/bin/bash', 'LC_NAME': 'es_MX.UTF-8', 'QT_ACCESSIBILITY': '1', 'GDMSESSION': 'ubuntu', 'LESSCLOSE': '/usr/bin/lesspipe %s %s', 'LC_MEASUREMENT': 'es_MX.UTF-8', 'GAZEBO_RESOURCE_PATH': '/usr/share/gazebo-11:', 'GJS_DEBUG_OUTPUT': 'stderr', 'LC_IDENTIFICATION': 'es_MX.UTF-8', 'GAZEBO_MODEL_DATABASE_URI': 'http://models.gazebosim.org', 'QT_IM_MODULE': 'ibus', 'ANTIGRAVITY_TRAJECTORY_ID': '8ce945fa-1b69-4b08-b1a5-c0243d5acfc7', 'PWD': '/home/bris/ros2_ws/build/gemelo_digital_qav250', 'XDG_CONFIG_DIRS': '/etc/xdg/xdg-ubuntu:/etc/xdg', 'VSCODE_CODE_CACHE_PATH': '/home/bris/.config/Antigravity/CachedData/15487b3041e65228cae24980a3f796c905ef582c', 'GAZEBO_PLUGIN_PATH': '/usr/lib/x86_64-linux-gnu/gazebo-11/plugins:/usr/lib/x86_64-linux-gnu/gazebo-11/plugins:', 'XDG_DATA_DIRS': '/usr/share/ubuntu:/usr/local/share/:/usr/share/:/var/lib/snapd/desktop', 'PYTHONPATH': '/home/bris/ros2_ws/build/gemelo_digital_qav250/prefix_override:/usr/lib/python3/dist-packages/colcon_core/task/python/colcon_distutils_commands:/home/bris/ros2_ws/install/gemelo_digital_qav250/lib/python3.10/site-packages:/home/bris/ros2_ws/install/gemelo_digital_qav250/lib/python3.10/site-packages:/opt/ros/humble/lib/python3.10/site-packages:/opt/ros/humble/local/lib/python3.10/dist-packages', 'LC_NUMERIC': 'es_MX.UTF-8', 'LC_PAPER': 'es_MX.UTF-8', 'COLCON': '1', 'VSCODE_PID': '10036'}, 'shell': False}
[0.500496] (-) TimerEvent: {}
[0.600745] (-) TimerEvent: {}
[0.700996] (-) TimerEvent: {}
[0.705746] (gemelo_digital_qav250) StdoutLine: {'line': b'running develop\n'}
[0.801102] (-) TimerEvent: {}
[0.847132] (gemelo_digital_qav250) StdoutLine: {'line': b'running egg_info\n'}
[0.847289] (gemelo_digital_qav250) StdoutLine: {'line': b'writing gemelo_digital_qav250.egg-info/PKG-INFO\n'}
[0.847433] (gemelo_digital_qav250) StdoutLine: {'line': b'writing dependency_links to gemelo_digital_qav250.egg-info/dependency_links.txt\n'}
[0.847533] (gemelo_digital_qav250) StdoutLine: {'line': b'writing entry points to gemelo_digital_qav250.egg-info/entry_points.txt\n'}
[0.847596] (gemelo_digital_qav250) StdoutLine: {'line': b'writing requirements to gemelo_digital_qav250.egg-info/requires.txt\n'}
[0.847646] (gemelo_digital_qav250) StdoutLine: {'line': b'writing top-level names to gemelo_digital_qav250.egg-info/top_level.txt\n'}
[0.849260] (gemelo_digital_qav250) StdoutLine: {'line': b"reading manifest file 'gemelo_digital_qav250.egg-info/SOURCES.txt'\n"}
[0.850279] (gemelo_digital_qav250) StdoutLine: {'line': b"writing manifest file 'gemelo_digital_qav250.egg-info/SOURCES.txt'\n"}
[0.851253] (gemelo_digital_qav250) StdoutLine: {'line': b'running build_ext\n'}
[0.851366] (gemelo_digital_qav250) StdoutLine: {'line': b'Creating /home/bris/ros2_ws/install/gemelo_digital_qav250/lib/python3.10/site-packages/gemelo-digital-qav250.egg-link (link to .)\n'}
[0.852063] (gemelo_digital_qav250) StdoutLine: {'line': b'Installing captura_pwm script to /home/bris/ros2_ws/install/gemelo_digital_qav250/lib/gemelo_digital_qav250\n'}
[0.852144] (gemelo_digital_qav250) StdoutLine: {'line': b'Installing nodo_gemelo_digital script to /home/bris/ros2_ws/install/gemelo_digital_qav250/lib/gemelo_digital_qav250\n'}
[0.852230] (gemelo_digital_qav250) StdoutLine: {'line': b'Installing registrar_datos script to /home/bris/ros2_ws/install/gemelo_digital_qav250/lib/gemelo_digital_qav250\n'}
[0.852314] (gemelo_digital_qav250) StdoutLine: {'line': b'Installing rutina_demo script to /home/bris/ros2_ws/install/gemelo_digital_qav250/lib/gemelo_digital_qav250\n'}
[0.852399] (gemelo_digital_qav250) StdoutLine: {'line': b'Installing ver_pose script to /home/bris/ros2_ws/install/gemelo_digital_qav250/lib/gemelo_digital_qav250\n'}
[0.852563] (gemelo_digital_qav250) StdoutLine: {'line': b'\n'}
[0.852611] (gemelo_digital_qav250) StdoutLine: {'line': b'Installed /home/bris/ros2_ws/build/gemelo_digital_qav250\n'}
[0.852661] (gemelo_digital_qav250) StdoutLine: {'line': b'running symlink_data\n'}
[0.852741] (gemelo_digital_qav250) StdoutLine: {'line': b'symbolically linking /home/bris/ros2_ws/build/gemelo_digital_qav250/resource/gemelo_digital_qav250 -> /home/bris/ros2_ws/install/gemelo_digital_qav250/share/ament_index/resource_index/packages\n'}
[0.852848] (gemelo_digital_qav250) StdoutLine: {'line': b'symbolically linking /home/bris/ros2_ws/build/gemelo_digital_qav250/package.xml -> /home/bris/ros2_ws/install/gemelo_digital_qav250/share/gemelo_digital_qav250\n'}
[0.852926] (gemelo_digital_qav250) StdoutLine: {'line': b'symbolically linking /home/bris/ros2_ws/build/gemelo_digital_qav250/launch/gemelo_demo.launch.py -> /home/bris/ros2_ws/install/gemelo_digital_qav250/share/gemelo_digital_qav250/launch\n'}
[0.853001] (gemelo_digital_qav250) StdoutLine: {'line': b'symbolically linking /home/bris/ros2_ws/build/gemelo_digital_qav250/launch/gemelo_digital.launch.py -> /home/bris/ros2_ws/install/gemelo_digital_qav250/share/gemelo_digital_qav250/launch\n'}
[0.853087] (gemelo_digital_qav250) StdoutLine: {'line': b'symbolically linking /home/bris/ros2_ws/build/gemelo_digital_qav250/gemelo_digital_qav250/config/qav250_params.yaml -> /home/bris/ros2_ws/install/gemelo_digital_qav250/share/gemelo_digital_qav250/config\n'}
[0.853173] (gemelo_digital_qav250) StdoutLine: {'line': b'symbolically linking /home/bris/ros2_ws/build/gemelo_digital_qav250/worlds/qav250_twin.world -> /home/bris/ros2_ws/install/gemelo_digital_qav250/share/gemelo_digital_qav250/worlds\n'}
[0.853265] (gemelo_digital_qav250) StdoutLine: {'line': b'symbolically linking /home/bris/ros2_ws/build/gemelo_digital_qav250/models/drone_demo/model.config -> /home/bris/ros2_ws/install/gemelo_digital_qav250/share/gemelo_digital_qav250/models/drone_demo\n'}
[0.853351] (gemelo_digital_qav250) StdoutLine: {'line': b'symbolically linking /home/bris/ros2_ws/build/gemelo_digital_qav250/models/drone_demo/drone_simple.sdf -> /home/bris/ros2_ws/install/gemelo_digital_qav250/share/gemelo_digital_qav250/models/drone_demo\n'}
[0.853480] (gemelo_digital_qav250) StdoutLine: {'line': b'symbolically linking /home/bris/ros2_ws/build/gemelo_digital_qav250/models/drone_demo/meshes/1345_prop_cw.stl -> /home/bris/ros2_ws/install/gemelo_digital_qav250/share/gemelo_digital_qav250/models/drone_demo/meshes\n'}
[0.853603] (gemelo_digital_qav250) StdoutLine: {'line': b'symbolically linking /home/bris/ros2_ws/build/gemelo_digital_qav250/models/drone_demo/meshes/5010Base.dae -> /home/bris/ros2_ws/install/gemelo_digital_qav250/share/gemelo_digital_qav250/models/drone_demo/meshes\n'}
[0.853724] (gemelo_digital_qav250) StdoutLine: {'line': b'symbolically linking /home/bris/ros2_ws/build/gemelo_digital_qav250/models/drone_demo/meshes/1345_prop_ccw.stl -> /home/bris/ros2_ws/install/gemelo_digital_qav250/share/gemelo_digital_qav250/models/drone_demo/meshes\n'}
[0.886420] (gemelo_digital_qav250) StdoutLine: {'line': b'symbolically linking /home/bris/ros2_ws/build/gemelo_digital_qav250/models/drone_demo/meshes/NXP-HGD-CF.dae -> /home/bris/ros2_ws/install/gemelo_digital_qav250/share/gemelo_digital_qav250/models/drone_demo/meshes\n'}
[0.886574] (gemelo_digital_qav250) StdoutLine: {'line': b'symbolically linking /home/bris/ros2_ws/build/gemelo_digital_qav250/models/drone_demo/meshes/5010Bell.dae -> /home/bris/ros2_ws/install/gemelo_digital_qav250/share/gemelo_digital_qav250/models/drone_demo/meshes\n'}
[0.886712] (gemelo_digital_qav250) StdoutLine: {'line': b'symbolically linking /home/bris/ros2_ws/build/gemelo_digital_qav250/models/drone_demo/meshes/CF.png -> /home/bris/ros2_ws/install/gemelo_digital_qav250/share/gemelo_digital_qav250/models/drone_demo/meshes\n'}
[0.886803] (gemelo_digital_qav250) StdoutLine: {'line': b'symbolically linking /home/bris/ros2_ws/build/gemelo_digital_qav250/models/drone_gazebo_library_x500/x500.zip -> /home/bris/ros2_ws/install/gemelo_digital_qav250/share/gemelo_digital_qav250/models/drone_gazebo_library_x500\n'}
[0.886898] (gemelo_digital_qav250) StdoutLine: {'line': b'symbolically linking /home/bris/ros2_ws/build/gemelo_digital_qav250/models/drone_gazebo_library_x500/x500/model.config -> /home/bris/ros2_ws/install/gemelo_digital_qav250/share/gemelo_digital_qav250/models/drone_gazebo_library_x500/x500\n'}
[0.886978] (gemelo_digital_qav250) StdoutLine: {'line': b'symbolically linking /home/bris/ros2_ws/build/gemelo_digital_qav250/models/drone_gazebo_library_x500/x500/model.sdf -> /home/bris/ros2_ws/install/gemelo_digital_qav250/share/gemelo_digital_qav250/models/drone_gazebo_library_x500/x500\n'}
[0.887070] (gemelo_digital_qav250) StdoutLine: {'line': b'symbolically linking /home/bris/ros2_ws/build/gemelo_digital_qav250/models/drone_gazebo_library_x500/x500/meshes/1345_prop_cw.stl -> /home/bris/ros2_ws/install/gemelo_digital_qav250/share/gemelo_digital_qav250/models/drone_gazebo_library_x500/x500/meshes\n'}
[0.887154] (gemelo_digital_qav250) StdoutLine: {'line': b'symbolically linking /home/bris/ros2_ws/build/gemelo_digital_qav250/models/drone_gazebo_library_x500/x500/meshes/5010Base.dae -> /home/bris/ros2_ws/install/gemelo_digital_qav250/share/gemelo_digital_qav250/models/drone_gazebo_library_x500/x500/meshes\n'}
[0.887243] (gemelo_digital_qav250) StdoutLine: {'line': b'symbolically linking /home/bris/ros2_ws/build/gemelo_digital_qav250/models/drone_gazebo_library_x500/x500/meshes/1345_prop_ccw.stl -> /home/bris/ros2_ws/install/gemelo_digital_qav250/share/gemelo_digital_qav250/models/drone_gazebo_library_x500/x500/meshes\n'}
[0.887327] (gemelo_digital_qav250) StdoutLine: {'line': b'symbolically linking /home/bris/ros2_ws/build/gemelo_digital_qav250/models/drone_gazebo_library_x500/x500/meshes/NXP-HGD-CF.dae -> /home/bris/ros2_ws/install/gemelo_digital_qav250/share/gemelo_digital_qav250/models/drone_gazebo_library_x500/x500/meshes\n'}
[0.887411] (gemelo_digital_qav250) StdoutLine: {'line': b'symbolically linking /home/bris/ros2_ws/build/gemelo_digital_qav250/models/drone_gazebo_library_x500/x500/meshes/5010Bell.dae -> /home/bris/ros2_ws/install/gemelo_digital_qav250/share/gemelo_digital_qav250/models/drone_gazebo_library_x500/x500/meshes\n'}
[0.887493] (gemelo_digital_qav250) StdoutLine: {'line': b'symbolically linking /home/bris/ros2_ws/build/gemelo_digital_qav250/models/drone_gazebo_library_x500/x500/meshes/CF.png -> /home/bris/ros2_ws/install/gemelo_digital_qav250/share/gemelo_digital_qav250/models/drone_gazebo_library_x500/x500/meshes\n'}
[0.887586] (gemelo_digital_qav250) StdoutLine: {'line': b'symbolically linking /home/bris/ros2_ws/build/gemelo_digital_qav250/models/drone_gazebo_library_x500/x500/materials/textures/nxp.png -> /home/bris/ros2_ws/install/gemelo_digital_qav250/share/gemelo_digital_qav250/models/drone_gazebo_library_x500/x500/materials/textures\n'}
[0.887666] (gemelo_digital_qav250) StdoutLine: {'line': b'symbolically linking /home/bris/ros2_ws/build/gemelo_digital_qav250/models/drone_gazebo_library_x500/x500/materials/textures/rd.png -> /home/bris/ros2_ws/install/gemelo_digital_qav250/share/gemelo_digital_qav250/models/drone_gazebo_library_x500/x500/materials/textures\n'}
[0.887752] (gemelo_digital_qav250) StdoutLine: {'line': b'symbolically linking /home/bris/ros2_ws/build/gemelo_digital_qav250/models/drone_gazebo_library_x500/x500/materials/textures/CF.png -> /home/bris/ros2_ws/install/gemelo_digital_qav250/share/gemelo_digital_qav250/models/drone_gazebo_library_x500/x500/materials/textures\n'}
[0.887832] (gemelo_digital_qav250) StdoutLine: {'line': b'symbolically linking /home/bris/ros2_ws/build/gemelo_digital_qav250/models/drone_gazebo_library_x500/x500/thumbnails/3.png -> /home/bris/ros2_ws/install/gemelo_digital_qav250/share/gemelo_digital_qav250/models/drone_gazebo_library_x500/x500/thumbnails\n'}
[0.887915] (gemelo_digital_qav250) StdoutLine: {'line': b'symbolically linking /home/bris/ros2_ws/build/gemelo_digital_qav250/models/drone_gazebo_library_x500/x500/thumbnails/2.png -> /home/bris/ros2_ws/install/gemelo_digital_qav250/share/gemelo_digital_qav250/models/drone_gazebo_library_x500/x500/thumbnails\n'}
[0.887994] (gemelo_digital_qav250) StdoutLine: {'line': b'symbolically linking /home/bris/ros2_ws/build/gemelo_digital_qav250/models/drone_gazebo_library_x500/x500/thumbnails/1.png -> /home/bris/ros2_ws/install/gemelo_digital_qav250/share/gemelo_digital_qav250/models/drone_gazebo_library_x500/x500/thumbnails\n'}
[0.888074] (gemelo_digital_qav250) StdoutLine: {'line': b'symbolically linking /home/bris/ros2_ws/build/gemelo_digital_qav250/models/drone_gazebo_library_x500/x500/thumbnails/4.png -> /home/bris/ros2_ws/install/gemelo_digital_qav250/share/gemelo_digital_qav250/models/drone_gazebo_library_x500/x500/thumbnails\n'}
[0.888152] (gemelo_digital_qav250) StdoutLine: {'line': b'symbolically linking /home/bris/ros2_ws/build/gemelo_digital_qav250/models/drone_gazebo_library_x500/x500/thumbnails/5.png -> /home/bris/ros2_ws/install/gemelo_digital_qav250/share/gemelo_digital_qav250/models/drone_gazebo_library_x500/x500/thumbnails\n'}
[0.901217] (-) TimerEvent: {}
[0.910892] (gemelo_digital_qav250) CommandEnded: {'returncode': 0}
[1.001345] (-) TimerEvent: {}
[1.101607] (-) TimerEvent: {}
[1.201889] (-) TimerEvent: {}
[1.302138] (-) TimerEvent: {}
[1.402408] (-) TimerEvent: {}
[1.502718] (-) TimerEvent: {}
[1.602997] (-) TimerEvent: {}
[1.608054] (gemelo_digital_qav250) JobEnded: {'identifier': 'gemelo_digital_qav250', 'rc': 0}
[1.634682] (-) EventReactorShutdown: {}
