[0.089s] DEBUG:colcon:Command line arguments: ['/usr/bin/colcon', 'build', '--build-base', '/home/bris/ros2_ws/build', '--install-base', '/home/bris/ros2_ws/install', '--base-paths', '/home/bris/ros2_ws/src', '--packages-select', 'gemelo_digital_qav250', '--symlink-install']
[0.089s] DEBUG:colcon:Parsed command line arguments: Namespace(log_base=None, log_level=None, verb_name='build', build_base='/home/bris/ros2_ws/build', install_base='/home/bris/ros2_ws/install', merge_install=False, symlink_install=True, test_result_base=None, continue_on_error=False, executor='parallel', parallel_workers=8, event_handlers=None, ignore_user_meta=False, metas=['./colcon.meta'], base_paths=['/home/bris/ros2_ws/src'], packages_ignore=None, packages_ignore_regex=None, paths=None, packages_up_to=None, packages_up_to_regex=None, packages_above=None, packages_above_and_dependencies=None, packages_above_depth=None, packages_select_by_dep=None, packages_skip_by_dep=None, packages_skip_up_to=None, packages_select_build_failed=False, packages_skip_build_finished=False, packages_select_test_failures=False, packages_skip_test_passed=False, packages_select=['gemelo_digital_qav250'], packages_skip=None, packages_select_regex=None, packages_skip_regex=None, packages_start=None, packages_end=None, allow_overriding=[], cmake_args=None, cmake_target=None, cmake_target_skip_unavailable=False, cmake_clean_cache=False, cmake_clean_first=False, cmake_force_configure=False, ament_cmake_args=None, catkin_cmake_args=None, catkin_skip_building_tests=False, mixin_files=None, mixin=None, verb_parser=<colcon_mixin.mixin.mixin_argument.MixinArgumentDecorator object at 0x7c1c6494f190>, verb_extension=<colcon_core.verb.build.BuildVerb object at 0x7c1c649106d0>, main=<bound method BuildVerb.main of <colcon_core.verb.build.BuildVerb object at 0x7c1c649106d0>>, mixin_verb=('build',))
[0.201s] Level 1:colcon.colcon_core.package_discovery:discover_packages(colcon_meta) check parameters
[0.201s] Level 1:colcon.colcon_core.package_discovery:discover_packages(recursive) check parameters
[0.201s] Level 1:colcon.colcon_core.package_discovery:discover_packages(ignore) check parameters
[0.201s] Level 1:colcon.colcon_core.package_discovery:discover_packages(path) check parameters
[0.201s] Level 1:colcon.colcon_core.package_discovery:discover_packages(recursive) discover
[0.201s] INFO:colcon.colcon_core.package_discovery:Crawling recursively for packages in '/home/bris/ros2_ws/src'
[0.201s] Level 1:colcon.colcon_core.package_identification:_identify(/home/bris/ros2_ws/src) by extensions ['ignore', 'ignore_ament_install']
[0.202s] Level 1:colcon.colcon_core.package_identification:_identify(/home/bris/ros2_ws/src) by extension 'ignore'
[0.202s] Level 1:colcon.colcon_core.package_identification:_identify(/home/bris/ros2_ws/src) by extension 'ignore_ament_install'
[0.202s] Level 1:colcon.colcon_core.package_identification:_identify(/home/bris/ros2_ws/src) by extensions ['colcon_pkg']
[0.202s] Level 1:colcon.colcon_core.package_identification:_identify(/home/bris/ros2_ws/src) by extension 'colcon_pkg'
[0.202s] Level 1:colcon.colcon_core.package_identification:_identify(/home/bris/ros2_ws/src) by extensions ['colcon_meta']
[0.202s] Level 1:colcon.colcon_core.package_identification:_identify(/home/bris/ros2_ws/src) by extension 'colcon_meta'
[0.202s] Level 1:colcon.colcon_core.package_identification:_identify(/home/bris/ros2_ws/src) by extensions ['ros']
[0.202s] Level 1:colcon.colcon_core.package_identification:_identify(/home/bris/ros2_ws/src) by extension 'ros'
[0.209s] Level 1:colcon.colcon_core.package_identification:_identify(/home/bris/ros2_ws/src) by extensions ['cmake', 'python']
[0.209s] Level 1:colcon.colcon_core.package_identification:_identify(/home/bris/ros2_ws/src) by extension 'cmake'
[0.209s] Level 1:colcon.colcon_core.package_identification:_identify(/home/bris/ros2_ws/src) by extension 'python'
[0.209s] Level 1:colcon.colcon_core.package_identification:_identify(/home/bris/ros2_ws/src) by extensions ['python_setup_py']
[0.209s] Level 1:colcon.colcon_core.package_identification:_identify(/home/bris/ros2_ws/src) by extension 'python_setup_py'
[0.209s] Level 1:colcon.colcon_core.package_identification:_identify(/home/bris/ros2_ws/src/gemelo_digital_qav250) by extensions ['ignore', 'ignore_ament_install']
[0.209s] Level 1:colcon.colcon_core.package_identification:_identify(/home/bris/ros2_ws/src/gemelo_digital_qav250) by extension 'ignore'
[0.209s] Level 1:colcon.colcon_core.package_identification:_identify(/home/bris/ros2_ws/src/gemelo_digital_qav250) by extension 'ignore_ament_install'
[0.209s] Level 1:colcon.colcon_core.package_identification:_identify(/home/bris/ros2_ws/src/gemelo_digital_qav250) by extensions ['colcon_pkg']
[0.209s] Level 1:colcon.colcon_core.package_identification:_identify(/home/bris/ros2_ws/src/gemelo_digital_qav250) by extension 'colcon_pkg'
[0.209s] Level 1:colcon.colcon_core.package_identification:_identify(/home/bris/ros2_ws/src/gemelo_digital_qav250) by extensions ['colcon_meta']
[0.209s] Level 1:colcon.colcon_core.package_identification:_identify(/home/bris/ros2_ws/src/gemelo_digital_qav250) by extension 'colcon_meta'
[0.209s] Level 1:colcon.colcon_core.package_identification:_identify(/home/bris/ros2_ws/src/gemelo_digital_qav250) by extensions ['ros']
[0.209s] Level 1:colcon.colcon_core.package_identification:_identify(/home/bris/ros2_ws/src/gemelo_digital_qav250) by extension 'ros'
[0.211s] DEBUG:colcon.colcon_core.package_identification:Package '/home/bris/ros2_ws/src/gemelo_digital_qav250' with type 'ros.ament_python' and name 'gemelo_digital_qav250'
[0.211s] Level 1:colcon.colcon_core.package_discovery:discover_packages(recursive) using defaults
[0.234s] Level 1:colcon.colcon_core.package_discovery:discover_packages(prefix_path) check parameters
[0.234s] Level 1:colcon.colcon_core.package_discovery:discover_packages(prefix_path) discover
[0.235s] DEBUG:colcon.colcon_installed_package_information.package_discovery:Found 1 installed packages in /home/bris/ros2_ws/install
[0.236s] DEBUG:colcon.colcon_installed_package_information.package_discovery:Found 288 installed packages in /opt/ros/humble
[0.237s] Level 1:colcon.colcon_core.package_discovery:discover_packages(prefix_path) using defaults
[0.261s] Level 5:colcon.colcon_core.verb:set package 'gemelo_digital_qav250' build argument 'cmake_args' from command line to 'None'
[0.261s] Level 5:colcon.colcon_core.verb:set package 'gemelo_digital_qav250' build argument 'cmake_target' from command line to 'None'
[0.261s] Level 5:colcon.colcon_core.verb:set package 'gemelo_digital_qav250' build argument 'cmake_target_skip_unavailable' from command line to 'False'
[0.261s] Level 5:colcon.colcon_core.verb:set package 'gemelo_digital_qav250' build argument 'cmake_clean_cache' from command line to 'False'
[0.261s] Level 5:colcon.colcon_core.verb:set package 'gemelo_digital_qav250' build argument 'cmake_clean_first' from command line to 'False'
[0.261s] Level 5:colcon.colcon_core.verb:set package 'gemelo_digital_qav250' build argument 'cmake_force_configure' from command line to 'False'
[0.261s] Level 5:colcon.colcon_core.verb:set package 'gemelo_digital_qav250' build argument 'ament_cmake_args' from command line to 'None'
[0.261s] Level 5:colcon.colcon_core.verb:set package 'gemelo_digital_qav250' build argument 'catkin_cmake_args' from command line to 'None'
[0.261s] Level 5:colcon.colcon_core.verb:set package 'gemelo_digital_qav250' build argument 'catkin_skip_building_tests' from command line to 'False'
[0.261s] DEBUG:colcon.colcon_core.verb:Building package 'gemelo_digital_qav250' with the following arguments: {'ament_cmake_args': None, 'build_base': '/home/bris/ros2_ws/build/gemelo_digital_qav250', 'catkin_cmake_args': None, 'catkin_skip_building_tests': False, 'cmake_args': None, 'cmake_clean_cache': False, 'cmake_clean_first': False, 'cmake_force_configure': False, 'cmake_target': None, 'cmake_target_skip_unavailable': False, 'install_base': '/home/bris/ros2_ws/install/gemelo_digital_qav250', 'merge_install': False, 'path': '/home/bris/ros2_ws/src/gemelo_digital_qav250', 'symlink_install': True, 'test_result_base': None}
[0.261s] INFO:colcon.colcon_core.executor:Executing jobs using 'parallel' executor
[0.262s] DEBUG:colcon.colcon_parallel_executor.executor.parallel:run_until_complete
[0.262s] INFO:colcon.colcon_ros.task.ament_python.build:Building ROS package in '/home/bris/ros2_ws/src/gemelo_digital_qav250' with build type 'ament_python'
[0.262s] Level 1:colcon.colcon_core.shell:create_environment_hook('gemelo_digital_qav250', 'ament_prefix_path')
[0.264s] INFO:colcon.colcon_core.plugin_system:Skipping extension 'colcon_core.shell.bat': Not used on non-Windows systems
[0.264s] INFO:colcon.colcon_core.shell:Creating environment hook '/home/bris/ros2_ws/install/gemelo_digital_qav250/share/gemelo_digital_qav250/hook/ament_prefix_path.ps1'
[0.264s] INFO:colcon.colcon_core.shell:Creating environment descriptor '/home/bris/ros2_ws/install/gemelo_digital_qav250/share/gemelo_digital_qav250/hook/ament_prefix_path.dsv'
[0.265s] INFO:colcon.colcon_core.shell:Creating environment hook '/home/bris/ros2_ws/install/gemelo_digital_qav250/share/gemelo_digital_qav250/hook/ament_prefix_path.sh'
[0.265s] INFO:colcon.colcon_core.shell:Skip shell extension 'powershell' for command environment: Not usable outside of PowerShell
[0.265s] DEBUG:colcon.colcon_core.shell:Skip shell extension 'dsv' for command environment
[0.443s] INFO:colcon.colcon_core.task.python.build:Building Python package in '/home/bris/ros2_ws/src/gemelo_digital_qav250'
[0.444s] INFO:colcon.colcon_core.shell:Skip shell extension 'powershell' for command environment: Not usable outside of PowerShell
[0.444s] DEBUG:colcon.colcon_core.shell:Skip shell extension 'dsv' for command environment
[0.704s] DEBUG:colcon.colcon_core.task.python.build:While undoing a previous installation files outside the Python library path are being ignored: /home/bris/ros2_ws/install/gemelo_digital_qav250/share/ament_index/resource_index/packages/gemelo_digital_qav250
[0.704s] DEBUG:colcon.colcon_core.task.python.build:While undoing a previous installation files outside the Python library path are being ignored: /home/bris/ros2_ws/install/gemelo_digital_qav250/share/gemelo_digital_qav250/package.xml
[0.704s] DEBUG:colcon.colcon_core.task.python.build:While undoing a previous installation files outside the Python library path are being ignored: /home/bris/ros2_ws/install/gemelo_digital_qav250/share/gemelo_digital_qav250/launch/gemelo_demo.launch.py
[0.704s] DEBUG:colcon.colcon_core.task.python.build:While undoing a previous installation files outside the Python library path are being ignored: /home/bris/ros2_ws/install/gemelo_digital_qav250/share/gemelo_digital_qav250/launch/gemelo_digital.launch.py
[0.704s] DEBUG:colcon.colcon_core.task.python.build:While undoing a previous installation files outside the Python library path are being ignored: /home/bris/ros2_ws/install/gemelo_digital_qav250/share/gemelo_digital_qav250/config/qav250_params.yaml
[0.704s] DEBUG:colcon.colcon_core.task.python.build:While undoing a previous installation files outside the Python library path are being ignored: /home/bris/ros2_ws/install/gemelo_digital_qav250/share/gemelo_digital_qav250/worlds/qav250_twin.world
[0.704s] DEBUG:colcon.colcon_core.task.python.build:While undoing a previous installation files outside the Python library path are being ignored: /home/bris/ros2_ws/install/gemelo_digital_qav250/share/gemelo_digital_qav250/models/drone_demo/model.config
[0.704s] DEBUG:colcon.colcon_core.task.python.build:While undoing a previous installation files outside the Python library path are being ignored: /home/bris/ros2_ws/install/gemelo_digital_qav250/share/gemelo_digital_qav250/models/drone_demo/drone_simple.sdf
[0.704s] DEBUG:colcon.colcon_core.task.python.build:While undoing a previous installation files outside the Python library path are being ignored: /home/bris/ros2_ws/install/gemelo_digital_qav250/share/gemelo_digital_qav250/models/drone_demo/meshes/1345_prop_cw.stl
[0.704s] DEBUG:colcon.colcon_core.task.python.build:While undoing a previous installation files outside the Python library path are being ignored: /home/bris/ros2_ws/install/gemelo_digital_qav250/share/gemelo_digital_qav250/models/drone_demo/meshes/5010Base.dae
[0.704s] DEBUG:colcon.colcon_core.task.python.build:While undoing a previous installation files outside the Python library path are being ignored: /home/bris/ros2_ws/install/gemelo_digital_qav250/share/gemelo_digital_qav250/models/drone_demo/meshes/1345_prop_ccw.stl
[0.704s] DEBUG:colcon.colcon_core.task.python.build:While undoing a previous installation files outside the Python library path are being ignored: /home/bris/ros2_ws/install/gemelo_digital_qav250/share/gemelo_digital_qav250/models/drone_demo/meshes/NXP-HGD-CF.dae
[0.704s] DEBUG:colcon.colcon_core.task.python.build:While undoing a previous installation files outside the Python library path are being ignored: /home/bris/ros2_ws/install/gemelo_digital_qav250/share/gemelo_digital_qav250/models/drone_demo/meshes/5010Bell.dae
[0.704s] DEBUG:colcon.colcon_core.task.python.build:While undoing a previous installation files outside the Python library path are being ignored: /home/bris/ros2_ws/install/gemelo_digital_qav250/share/gemelo_digital_qav250/models/drone_demo/meshes/CF.png
[0.704s] DEBUG:colcon.colcon_core.task.python.build:While undoing a previous installation files outside the Python library path are being ignored: /home/bris/ros2_ws/install/gemelo_digital_qav250/share/gemelo_digital_qav250/models/drone_gazebo_library_x500/x500.zip
[0.704s] DEBUG:colcon.colcon_core.task.python.build:While undoing a previous installation files outside the Python library path are being ignored: /home/bris/ros2_ws/install/gemelo_digital_qav250/share/gemelo_digital_qav250/models/drone_gazebo_library_x500/x500/model.config
[0.704s] DEBUG:colcon.colcon_core.task.python.build:While undoing a previous installation files outside the Python library path are being ignored: /home/bris/ros2_ws/install/gemelo_digital_qav250/share/gemelo_digital_qav250/models/drone_gazebo_library_x500/x500/model.sdf
[0.704s] DEBUG:colcon.colcon_core.task.python.build:While undoing a previous installation files outside the Python library path are being ignored: /home/bris/ros2_ws/install/gemelo_digital_qav250/share/gemelo_digital_qav250/models/drone_gazebo_library_x500/x500/meshes/1345_prop_cw.stl
[0.704s] DEBUG:colcon.colcon_core.task.python.build:While undoing a previous installation files outside the Python library path are being ignored: /home/bris/ros2_ws/install/gemelo_digital_qav250/share/gemelo_digital_qav250/models/drone_gazebo_library_x500/x500/meshes/5010Base.dae
[0.704s] DEBUG:colcon.colcon_core.task.python.build:While undoing a previous installation files outside the Python library path are being ignored: /home/bris/ros2_ws/install/gemelo_digital_qav250/share/gemelo_digital_qav250/models/drone_gazebo_library_x500/x500/meshes/1345_prop_ccw.stl
[0.704s] DEBUG:colcon.colcon_core.task.python.build:While undoing a previous installation files outside the Python library path are being ignored: /home/bris/ros2_ws/install/gemelo_digital_qav250/share/gemelo_digital_qav250/models/drone_gazebo_library_x500/x500/meshes/NXP-HGD-CF.dae
[0.704s] DEBUG:colcon.colcon_core.task.python.build:While undoing a previous installation files outside the Python library path are being ignored: /home/bris/ros2_ws/install/gemelo_digital_qav250/share/gemelo_digital_qav250/models/drone_gazebo_library_x500/x500/meshes/5010Bell.dae
[0.704s] DEBUG:colcon.colcon_core.task.python.build:While undoing a previous installation files outside the Python library path are being ignored: /home/bris/ros2_ws/install/gemelo_digital_qav250/share/gemelo_digital_qav250/models/drone_gazebo_library_x500/x500/meshes/CF.png
[0.704s] DEBUG:colcon.colcon_core.task.python.build:While undoing a previous installation files outside the Python library path are being ignored: /home/bris/ros2_ws/install/gemelo_digital_qav250/share/gemelo_digital_qav250/models/drone_gazebo_library_x500/x500/materials/textures/nxp.png
[0.704s] DEBUG:colcon.colcon_core.task.python.build:While undoing a previous installation files outside the Python library path are being ignored: /home/bris/ros2_ws/install/gemelo_digital_qav250/share/gemelo_digital_qav250/models/drone_gazebo_library_x500/x500/materials/textures/rd.png
[0.704s] DEBUG:colcon.colcon_core.task.python.build:While undoing a previous installation files outside the Python library path are being ignored: /home/bris/ros2_ws/install/gemelo_digital_qav250/share/gemelo_digital_qav250/models/drone_gazebo_library_x500/x500/materials/textures/CF.png
[0.704s] DEBUG:colcon.colcon_core.task.python.build:While undoing a previous installation files outside the Python library path are being ignored: /home/bris/ros2_ws/install/gemelo_digital_qav250/share/gemelo_digital_qav250/models/drone_gazebo_library_x500/x500/thumbnails/3.png
[0.704s] DEBUG:colcon.colcon_core.task.python.build:While undoing a previous installation files outside the Python library path are being ignored: /home/bris/ros2_ws/install/gemelo_digital_qav250/share/gemelo_digital_qav250/models/drone_gazebo_library_x500/x500/thumbnails/2.png
[0.704s] DEBUG:colcon.colcon_core.task.python.build:While undoing a previous installation files outside the Python library path are being ignored: /home/bris/ros2_ws/install/gemelo_digital_qav250/share/gemelo_digital_qav250/models/drone_gazebo_library_x500/x500/thumbnails/1.png
[0.704s] DEBUG:colcon.colcon_core.task.python.build:While undoing a previous installation files outside the Python library path are being ignored: /home/bris/ros2_ws/install/gemelo_digital_qav250/share/gemelo_digital_qav250/models/drone_gazebo_library_x500/x500/thumbnails/4.png
[0.704s] DEBUG:colcon.colcon_core.task.python.build:While undoing a previous installation files outside the Python library path are being ignored: /home/bris/ros2_ws/install/gemelo_digital_qav250/share/gemelo_digital_qav250/models/drone_gazebo_library_x500/x500/thumbnails/5.png
[0.704s] DEBUG:colcon.colcon_core.task.python.build:While undoing a previous installation files outside the Python library path are being ignored: /home/bris/ros2_ws/install/gemelo_digital_qav250/lib/gemelo_digital_qav250/captura_pwm
[0.704s] DEBUG:colcon.colcon_core.task.python.build:While undoing a previous installation files outside the Python library path are being ignored: /home/bris/ros2_ws/install/gemelo_digital_qav250/lib/gemelo_digital_qav250/nodo_gemelo_digital
[0.704s] DEBUG:colcon.colcon_core.task.python.build:While undoing a previous installation files outside the Python library path are being ignored: /home/bris/ros2_ws/install/gemelo_digital_qav250/lib/gemelo_digital_qav250/registrar_datos
[0.704s] DEBUG:colcon.colcon_core.task.python.build:While undoing a previous installation files outside the Python library path are being ignored: /home/bris/ros2_ws/install/gemelo_digital_qav250/lib/gemelo_digital_qav250/rutina_demo
[0.704s] DEBUG:colcon.colcon_core.task.python.build:While undoing a previous installation files outside the Python library path are being ignored: /home/bris/ros2_ws/install/gemelo_digital_qav250/lib/gemelo_digital_qav250/ver_pose
[0.744s] DEBUG:colcon.colcon_core.event_handler.log_command:Invoking command in '/home/bris/ros2_ws/build/gemelo_digital_qav250': PYTHONPATH=/home/bris/ros2_ws/build/gemelo_digital_qav250/prefix_override:/usr/lib/python3/dist-packages/colcon_core/task/python/colcon_distutils_commands:/home/bris/ros2_ws/install/gemelo_digital_qav250/lib/python3.10/site-packages:${PYTHONPATH} /usr/bin/python3 -W ignore:setup.py install is deprecated -W ignore:easy_install command is deprecated setup.py develop --editable --build-directory /home/bris/ros2_ws/build/gemelo_digital_qav250/build --no-deps symlink_data --force
[1.173s] Level 1:colcon.colcon_core.shell:create_environment_hook('gemelo_digital_qav250', 'pythonpath_develop')
[1.173s] INFO:colcon.colcon_core.shell:Creating environment hook '/home/bris/ros2_ws/build/gemelo_digital_qav250/share/gemelo_digital_qav250/hook/pythonpath_develop.ps1'
[1.173s] DEBUG:colcon.colcon_core.event_handler.log_command:Invoked command in '/home/bris/ros2_ws/build/gemelo_digital_qav250' returned '0': PYTHONPATH=/home/bris/ros2_ws/build/gemelo_digital_qav250/prefix_override:/usr/lib/python3/dist-packages/colcon_core/task/python/colcon_distutils_commands:/home/bris/ros2_ws/install/gemelo_digital_qav250/lib/python3.10/site-packages:${PYTHONPATH} /usr/bin/python3 -W ignore:setup.py install is deprecated -W ignore:easy_install command is deprecated setup.py develop --editable --build-directory /home/bris/ros2_ws/build/gemelo_digital_qav250/build --no-deps symlink_data --force
[1.399s] INFO:colcon.colcon_core.shell:Creating environment descriptor '/home/bris/ros2_ws/build/gemelo_digital_qav250/share/gemelo_digital_qav250/hook/pythonpath_develop.dsv'
[1.399s] INFO:colcon.colcon_core.shell:Creating environment hook '/home/bris/ros2_ws/build/gemelo_digital_qav250/share/gemelo_digital_qav250/hook/pythonpath_develop.sh'
[1.401s] Level 1:colcon.colcon_core.environment:checking '/home/bris/ros2_ws/install/gemelo_digital_qav250' for CMake module files
[1.401s] Level 1:colcon.colcon_core.environment:checking '/home/bris/ros2_ws/install/gemelo_digital_qav250' for CMake config files
[1.488s] Level 1:colcon.colcon_core.environment:checking '/home/bris/ros2_ws/install/gemelo_digital_qav250/lib'
[1.488s] Level 1:colcon.colcon_core.environment:checking '/home/bris/ros2_ws/install/gemelo_digital_qav250/bin'
[1.489s] Level 1:colcon.colcon_core.environment:checking '/home/bris/ros2_ws/install/gemelo_digital_qav250/lib/pkgconfig/gemelo_digital_qav250.pc'
[1.489s] Level 1:colcon.colcon_core.environment:checking '/home/bris/ros2_ws/install/gemelo_digital_qav250/lib/python3.10/site-packages'
[1.489s] Level 1:colcon.colcon_core.shell:create_environment_hook('gemelo_digital_qav250', 'pythonpath')
[1.489s] INFO:colcon.colcon_core.shell:Creating environment hook '/home/bris/ros2_ws/install/gemelo_digital_qav250/share/gemelo_digital_qav250/hook/pythonpath.ps1'
[1.591s] INFO:colcon.colcon_core.shell:Creating environment descriptor '/home/bris/ros2_ws/install/gemelo_digital_qav250/share/gemelo_digital_qav250/hook/pythonpath.dsv'
[1.592s] INFO:colcon.colcon_core.shell:Creating environment hook '/home/bris/ros2_ws/install/gemelo_digital_qav250/share/gemelo_digital_qav250/hook/pythonpath.sh'
[1.593s] Level 1:colcon.colcon_core.environment:checking '/home/bris/ros2_ws/install/gemelo_digital_qav250/bin'
[1.593s] Level 1:colcon.colcon_core.environment:create_environment_scripts_only(gemelo_digital_qav250)
[1.594s] INFO:colcon.colcon_core.shell:Creating package script '/home/bris/ros2_ws/install/gemelo_digital_qav250/share/gemelo_digital_qav250/package.ps1'
[1.710s] INFO:colcon.colcon_core.shell:Creating package descriptor '/home/bris/ros2_ws/install/gemelo_digital_qav250/share/gemelo_digital_qav250/package.dsv'
[1.754s] INFO:colcon.colcon_core.shell:Creating package script '/home/bris/ros2_ws/install/gemelo_digital_qav250/share/gemelo_digital_qav250/package.sh'
[1.867s] INFO:colcon.colcon_core.shell:Creating package script '/home/bris/ros2_ws/install/gemelo_digital_qav250/share/gemelo_digital_qav250/package.bash'
[1.869s] INFO:colcon.colcon_core.shell:Creating package script '/home/bris/ros2_ws/install/gemelo_digital_qav250/share/gemelo_digital_qav250/package.zsh'
[1.870s] Level 1:colcon.colcon_core.environment:create_file_with_runtime_dependencies(/home/bris/ros2_ws/install/gemelo_digital_qav250/share/colcon-core/packages/gemelo_digital_qav250)
[1.870s] DEBUG:colcon.colcon_parallel_executor.executor.parallel:closing loop
[1.870s] DEBUG:colcon.colcon_parallel_executor.executor.parallel:loop closed
[1.870s] DEBUG:colcon.colcon_parallel_executor.executor.parallel:run_until_complete finished with '0'
[1.870s] DEBUG:colcon.colcon_core.event_reactor:joining thread
[1.900s] INFO:colcon.colcon_core.plugin_system:Skipping extension 'colcon_notification.desktop_notification.terminal_notifier': Not used on non-Darwin systems
[1.900s] INFO:colcon.colcon_core.plugin_system:Skipping extension 'colcon_notification.desktop_notification.win32': Not used on non-Windows systems
[1.900s] INFO:colcon.colcon_notification.desktop_notification:Sending desktop notification using 'notify2'
[1.908s] DEBUG:colcon.colcon_core.event_reactor:joined thread
[1.908s] INFO:colcon.colcon_core.shell:Creating prefix script '/home/bris/ros2_ws/install/local_setup.ps1'
[1.911s] INFO:colcon.colcon_core.shell:Creating prefix util module '/home/bris/ros2_ws/install/_local_setup_util_ps1.py'
[1.956s] INFO:colcon.colcon_core.shell:Creating prefix chain script '/home/bris/ros2_ws/install/setup.ps1'
[1.958s] INFO:colcon.colcon_core.shell:Creating prefix script '/home/bris/ros2_ws/install/local_setup.sh'
[1.958s] INFO:colcon.colcon_core.shell:Creating prefix util module '/home/bris/ros2_ws/install/_local_setup_util_sh.py'
[1.959s] INFO:colcon.colcon_core.shell:Creating prefix chain script '/home/bris/ros2_ws/install/setup.sh'
[1.964s] INFO:colcon.colcon_core.shell:Creating prefix script '/home/bris/ros2_ws/install/local_setup.bash'
[1.966s] INFO:colcon.colcon_core.shell:Creating prefix chain script '/home/bris/ros2_ws/install/setup.bash'
[2.054s] INFO:colcon.colcon_core.shell:Creating prefix script '/home/bris/ros2_ws/install/local_setup.zsh'
[2.128s] INFO:colcon.colcon_core.shell:Creating prefix chain script '/home/bris/ros2_ws/install/setup.zsh'
