[0.480s] Invoking command in '/home/bris/ros2_ws/build/gemelo_digital_qav250': PYTHONPATH=/home/bris/ros2_ws/build/gemelo_digital_qav250/prefix_override:/usr/lib/python3/dist-packages/colcon_core/task/python/colcon_distutils_commands:/home/bris/ros2_ws/install/gemelo_digital_qav250/lib/python3.10/site-packages:${PYTHONPATH} /usr/bin/python3 -W ignore:setup.py install is deprecated -W ignore:easy_install command is deprecated setup.py develop --editable --build-directory /home/bris/ros2_ws/build/gemelo_digital_qav250/build --no-deps symlink_data --force
[0.705s] running develop
[0.847s] running egg_info
[0.847s] writing gemelo_digital_qav250.egg-info/PKG-INFO
[0.847s] writing dependency_links to gemelo_digital_qav250.egg-info/dependency_links.txt
[0.847s] writing entry points to gemelo_digital_qav250.egg-info/entry_points.txt
[0.847s] writing requirements to gemelo_digital_qav250.egg-info/requires.txt
[0.847s] writing top-level names to gemelo_digital_qav250.egg-info/top_level.txt
[0.849s] reading manifest file 'gemelo_digital_qav250.egg-info/SOURCES.txt'
[0.850s] writing manifest file 'gemelo_digital_qav250.egg-info/SOURCES.txt'
[0.851s] running build_ext
[0.851s] Creating /home/bris/ros2_ws/install/gemelo_digital_qav250/lib/python3.10/site-packages/gemelo-digital-qav250.egg-link (link to .)
[0.852s] Installing captura_pwm script to /home/bris/ros2_ws/install/gemelo_digital_qav250/lib/gemelo_digital_qav250
[0.852s] Installing nodo_gemelo_digital script to /home/bris/ros2_ws/install/gemelo_digital_qav250/lib/gemelo_digital_qav250
[0.852s] Installing registrar_datos script to /home/bris/ros2_ws/install/gemelo_digital_qav250/lib/gemelo_digital_qav250
[0.852s] Installing rutina_demo script to /home/bris/ros2_ws/install/gemelo_digital_qav250/lib/gemelo_digital_qav250
[0.852s] Installing ver_pose script to /home/bris/ros2_ws/install/gemelo_digital_qav250/lib/gemelo_digital_qav250
[0.852s] 
[0.852s] Installed /home/bris/ros2_ws/build/gemelo_digital_qav250
[0.852s] running symlink_data
[0.852s] symbolically linking /home/bris/ros2_ws/build/gemelo_digital_qav250/resource/gemelo_digital_qav250 -> /home/bris/ros2_ws/install/gemelo_digital_qav250/share/ament_index/resource_index/packages
[0.852s] symbolically linking /home/bris/ros2_ws/build/gemelo_digital_qav250/package.xml -> /home/bris/ros2_ws/install/gemelo_digital_qav250/share/gemelo_digital_qav250
[0.853s] symbolically linking /home/bris/ros2_ws/build/gemelo_digital_qav250/launch/gemelo_demo.launch.py -> /home/bris/ros2_ws/install/gemelo_digital_qav250/share/gemelo_digital_qav250/launch
[0.853s] symbolically linking /home/bris/ros2_ws/build/gemelo_digital_qav250/launch/gemelo_digital.launch.py -> /home/bris/ros2_ws/install/gemelo_digital_qav250/share/gemelo_digital_qav250/launch
[0.853s] symbolically linking /home/bris/ros2_ws/build/gemelo_digital_qav250/gemelo_digital_qav250/config/qav250_params.yaml -> /home/bris/ros2_ws/install/gemelo_digital_qav250/share/gemelo_digital_qav250/config
[0.853s] symbolically linking /home/bris/ros2_ws/build/gemelo_digital_qav250/worlds/qav250_twin.world -> /home/bris/ros2_ws/install/gemelo_digital_qav250/share/gemelo_digital_qav250/worlds
[0.853s] symbolically linking /home/bris/ros2_ws/build/gemelo_digital_qav250/models/drone_demo/model.config -> /home/bris/ros2_ws/install/gemelo_digital_qav250/share/gemelo_digital_qav250/models/drone_demo
[0.853s] symbolically linking /home/bris/ros2_ws/build/gemelo_digital_qav250/models/drone_demo/drone_simple.sdf -> /home/bris/ros2_ws/install/gemelo_digital_qav250/share/gemelo_digital_qav250/models/drone_demo
[0.853s] symbolically linking /home/bris/ros2_ws/build/gemelo_digital_qav250/models/drone_demo/meshes/1345_prop_cw.stl -> /home/bris/ros2_ws/install/gemelo_digital_qav250/share/gemelo_digital_qav250/models/drone_demo/meshes
[0.853s] symbolically linking /home/bris/ros2_ws/build/gemelo_digital_qav250/models/drone_demo/meshes/5010Base.dae -> /home/bris/ros2_ws/install/gemelo_digital_qav250/share/gemelo_digital_qav250/models/drone_demo/meshes
[0.853s] symbolically linking /home/bris/ros2_ws/build/gemelo_digital_qav250/models/drone_demo/meshes/1345_prop_ccw.stl -> /home/bris/ros2_ws/install/gemelo_digital_qav250/share/gemelo_digital_qav250/models/drone_demo/meshes
[0.886s] symbolically linking /home/bris/ros2_ws/build/gemelo_digital_qav250/models/drone_demo/meshes/NXP-HGD-CF.dae -> /home/bris/ros2_ws/install/gemelo_digital_qav250/share/gemelo_digital_qav250/models/drone_demo/meshes
[0.886s] symbolically linking /home/bris/ros2_ws/build/gemelo_digital_qav250/models/drone_demo/meshes/5010Bell.dae -> /home/bris/ros2_ws/install/gemelo_digital_qav250/share/gemelo_digital_qav250/models/drone_demo/meshes
[0.886s] symbolically linking /home/bris/ros2_ws/build/gemelo_digital_qav250/models/drone_demo/meshes/CF.png -> /home/bris/ros2_ws/install/gemelo_digital_qav250/share/gemelo_digital_qav250/models/drone_demo/meshes
[0.886s] symbolically linking /home/bris/ros2_ws/build/gemelo_digital_qav250/models/drone_gazebo_library_x500/x500.zip -> /home/bris/ros2_ws/install/gemelo_digital_qav250/share/gemelo_digital_qav250/models/drone_gazebo_library_x500
[0.886s] symbolically linking /home/bris/ros2_ws/build/gemelo_digital_qav250/models/drone_gazebo_library_x500/x500/model.config -> /home/bris/ros2_ws/install/gemelo_digital_qav250/share/gemelo_digital_qav250/models/drone_gazebo_library_x500/x500
[0.887s] symbolically linking /home/bris/ros2_ws/build/gemelo_digital_qav250/models/drone_gazebo_library_x500/x500/model.sdf -> /home/bris/ros2_ws/install/gemelo_digital_qav250/share/gemelo_digital_qav250/models/drone_gazebo_library_x500/x500
[0.887s] symbolically linking /home/bris/ros2_ws/build/gemelo_digital_qav250/models/drone_gazebo_library_x500/x500/meshes/1345_prop_cw.stl -> /home/bris/ros2_ws/install/gemelo_digital_qav250/share/gemelo_digital_qav250/models/drone_gazebo_library_x500/x500/meshes
[0.887s] symbolically linking /home/bris/ros2_ws/build/gemelo_digital_qav250/models/drone_gazebo_library_x500/x500/meshes/5010Base.dae -> /home/bris/ros2_ws/install/gemelo_digital_qav250/share/gemelo_digital_qav250/models/drone_gazebo_library_x500/x500/meshes
[0.887s] symbolically linking /home/bris/ros2_ws/build/gemelo_digital_qav250/models/drone_gazebo_library_x500/x500/meshes/1345_prop_ccw.stl -> /home/bris/ros2_ws/install/gemelo_digital_qav250/share/gemelo_digital_qav250/models/drone_gazebo_library_x500/x500/meshes
[0.887s] symbolically linking /home/bris/ros2_ws/build/gemelo_digital_qav250/models/drone_gazebo_library_x500/x500/meshes/NXP-HGD-CF.dae -> /home/bris/ros2_ws/install/gemelo_digital_qav250/share/gemelo_digital_qav250/models/drone_gazebo_library_x500/x500/meshes
[0.887s] symbolically linking /home/bris/ros2_ws/build/gemelo_digital_qav250/models/drone_gazebo_library_x500/x500/meshes/5010Bell.dae -> /home/bris/ros2_ws/install/gemelo_digital_qav250/share/gemelo_digital_qav250/models/drone_gazebo_library_x500/x500/meshes
[0.887s] symbolically linking /home/bris/ros2_ws/build/gemelo_digital_qav250/models/drone_gazebo_library_x500/x500/meshes/CF.png -> /home/bris/ros2_ws/install/gemelo_digital_qav250/share/gemelo_digital_qav250/models/drone_gazebo_library_x500/x500/meshes
[0.887s] symbolically linking /home/bris/ros2_ws/build/gemelo_digital_qav250/models/drone_gazebo_library_x500/x500/materials/textures/nxp.png -> /home/bris/ros2_ws/install/gemelo_digital_qav250/share/gemelo_digital_qav250/models/drone_gazebo_library_x500/x500/materials/textures
[0.887s] symbolically linking /home/bris/ros2_ws/build/gemelo_digital_qav250/models/drone_gazebo_library_x500/x500/materials/textures/rd.png -> /home/bris/ros2_ws/install/gemelo_digital_qav250/share/gemelo_digital_qav250/models/drone_gazebo_library_x500/x500/materials/textures
[0.887s] symbolically linking /home/bris/ros2_ws/build/gemelo_digital_qav250/models/drone_gazebo_library_x500/x500/materials/textures/CF.png -> /home/bris/ros2_ws/install/gemelo_digital_qav250/share/gemelo_digital_qav250/models/drone_gazebo_library_x500/x500/materials/textures
[0.887s] symbolically linking /home/bris/ros2_ws/build/gemelo_digital_qav250/models/drone_gazebo_library_x500/x500/thumbnails/3.png -> /home/bris/ros2_ws/install/gemelo_digital_qav250/share/gemelo_digital_qav250/models/drone_gazebo_library_x500/x500/thumbnails
[0.887s] symbolically linking /home/bris/ros2_ws/build/gemelo_digital_qav250/models/drone_gazebo_library_x500/x500/thumbnails/2.png -> /home/bris/ros2_ws/install/gemelo_digital_qav250/share/gemelo_digital_qav250/models/drone_gazebo_library_x500/x500/thumbnails
[0.888s] symbolically linking /home/bris/ros2_ws/build/gemelo_digital_qav250/models/drone_gazebo_library_x500/x500/thumbnails/1.png -> /home/bris/ros2_ws/install/gemelo_digital_qav250/share/gemelo_digital_qav250/models/drone_gazebo_library_x500/x500/thumbnails
[0.888s] symbolically linking /home/bris/ros2_ws/build/gemelo_digital_qav250/models/drone_gazebo_library_x500/x500/thumbnails/4.png -> /home/bris/ros2_ws/install/gemelo_digital_qav250/share/gemelo_digital_qav250/models/drone_gazebo_library_x500/x500/thumbnails
[0.888s] symbolically linking /home/bris/ros2_ws/build/gemelo_digital_qav250/models/drone_gazebo_library_x500/x500/thumbnails/5.png -> /home/bris/ros2_ws/install/gemelo_digital_qav250/share/gemelo_digital_qav250/models/drone_gazebo_library_x500/x500/thumbnails
[0.911s] Invoked command in '/home/bris/ros2_ws/build/gemelo_digital_qav250' returned '0': PYTHONPATH=/home/bris/ros2_ws/build/gemelo_digital_qav250/prefix_override:/usr/lib/python3/dist-packages/colcon_core/task/python/colcon_distutils_commands:/home/bris/ros2_ws/install/gemelo_digital_qav250/lib/python3.10/site-packages:${PYTHONPATH} /usr/bin/python3 -W ignore:setup.py install is deprecated -W ignore:easy_install command is deprecated setup.py develop --editable --build-directory /home/bris/ros2_ws/build/gemelo_digital_qav250/build --no-deps symlink_data --force
