[0.077s] DEBUG:colcon:Command line arguments: ['/usr/bin/colcon', 'build', '--packages-select', 'gemelo_digital_qav250', '--symlink-install']
[0.077s] DEBUG:colcon:Parsed command line arguments: Namespace(log_base=None, log_level=None, verb_name='build', build_base='build', install_base='install', merge_install=False, symlink_install=True, test_result_base=None, continue_on_error=False, executor='parallel', parallel_workers=8, event_handlers=None, ignore_user_meta=False, metas=['./colcon.meta'], base_paths=['.'], packages_ignore=None, packages_ignore_regex=None, paths=None, packages_up_to=None, packages_up_to_regex=None, packages_above=None, packages_above_and_dependencies=None, packages_above_depth=None, packages_select_by_dep=None, packages_skip_by_dep=None, packages_skip_up_to=None, packages_select_build_failed=False, packages_skip_build_finished=False, packages_select_test_failures=False, packages_skip_test_passed=False, packages_select=['gemelo_digital_qav250'], packages_skip=None, packages_select_regex=None, packages_skip_regex=None, packages_start=None, packages_end=None, allow_overriding=[], cmake_args=None, cmake_target=None, cmake_target_skip_unavailable=False, cmake_clean_cache=False, cmake_clean_first=False, cmake_force_configure=False, ament_cmake_args=None, catkin_cmake_args=None, catkin_skip_building_tests=False, mixin_files=None, mixin=None, verb_parser=<colcon_mixin.mixin.mixin_argument.MixinArgumentDecorator object at 0x7a23a71671c0>, verb_extension=<colcon_core.verb.build.BuildVerb object at 0x7a23a712c700>, main=<bound method BuildVerb.main of <colcon_core.verb.build.BuildVerb object at 0x7a23a712c700>>, mixin_verb=('build',))
[0.190s] Level 1:colcon.colcon_core.package_discovery:discover_packages(colcon_meta) check parameters
[0.190s] Level 1:colcon.colcon_core.package_discovery:discover_packages(recursive) check parameters
[0.190s] Level 1:colcon.colcon_core.package_discovery:discover_packages(ignore) check parameters
[0.190s] Level 1:colcon.colcon_core.package_discovery:discover_packages(path) check parameters
[0.190s] Level 1:colcon.colcon_core.package_discovery:discover_packages(colcon_meta) discover
[0.190s] Level 1:colcon.colcon_core.package_discovery:discover_packages(recursive) discover
[0.190s] INFO:colcon.colcon_core.package_discovery:Crawling recursively for packages in '/home/bris/Desktop/reto/gemelo_digital_qav250/src_tw'
[0.190s] Level 1:colcon.colcon_core.package_identification:_identify(.) by extensions ['ignore', 'ignore_ament_install']
[0.190s] Level 1:colcon.colcon_core.package_identification:_identify(.) by extension 'ignore'
[0.190s] Level 1:colcon.colcon_core.package_identification:_identify(.) by extension 'ignore_ament_install'
[0.190s] Level 1:colcon.colcon_core.package_identification:_identify(.) by extensions ['colcon_pkg']
[0.190s] Level 1:colcon.colcon_core.package_identification:_identify(.) by extension 'colcon_pkg'
[0.190s] Level 1:colcon.colcon_core.package_identification:_identify(.) by extensions ['colcon_meta']
[0.190s] Level 1:colcon.colcon_core.package_identification:_identify(.) by extension 'colcon_meta'
[0.190s] Level 1:colcon.colcon_core.package_identification:_identify(.) by extensions ['ros']
[0.190s] Level 1:colcon.colcon_core.package_identification:_identify(.) by extension 'ros'
[0.199s] DEBUG:colcon.colcon_core.package_identification:Package '.' with type 'ros.ament_python' and name 'gemelo_digital_qav250'
[0.199s] Level 1:colcon.colcon_core.package_discovery:discover_packages(recursive) using defaults
[0.199s] Level 1:colcon.colcon_core.package_discovery:discover_packages(ignore) discover
[0.199s] Level 1:colcon.colcon_core.package_discovery:discover_packages(ignore) using defaults
[0.199s] Level 1:colcon.colcon_core.package_discovery:discover_packages(path) discover
[0.199s] Level 1:colcon.colcon_core.package_discovery:discover_packages(path) using defaults
[0.223s] Level 1:colcon.colcon_core.package_discovery:discover_packages(prefix_path) check parameters
[0.223s] Level 1:colcon.colcon_core.package_discovery:discover_packages(prefix_path) discover
[0.224s] DEBUG:colcon.colcon_installed_package_information.package_discovery:Found 1 installed packages in /home/bris/ros2_ws/install
[0.224s] DEBUG:colcon.colcon_installed_package_information.package_discovery:Found 288 installed packages in /opt/ros/humble
[0.225s] Level 1:colcon.colcon_core.package_discovery:discover_packages(prefix_path) using defaults
[0.248s] Level 5:colcon.colcon_core.verb:set package 'gemelo_digital_qav250' build argument 'cmake_args' from command line to 'None'
[0.248s] Level 5:colcon.colcon_core.verb:set package 'gemelo_digital_qav250' build argument 'cmake_target' from command line to 'None'
[0.248s] Level 5:colcon.colcon_core.verb:set package 'gemelo_digital_qav250' build argument 'cmake_target_skip_unavailable' from command line to 'False'
[0.249s] Level 5:colcon.colcon_core.verb:set package 'gemelo_digital_qav250' build argument 'cmake_clean_cache' from command line to 'False'
[0.249s] Level 5:colcon.colcon_core.verb:set package 'gemelo_digital_qav250' build argument 'cmake_clean_first' from command line to 'False'
[0.249s] Level 5:colcon.colcon_core.verb:set package 'gemelo_digital_qav250' build argument 'cmake_force_configure' from command line to 'False'
[0.249s] Level 5:colcon.colcon_core.verb:set package 'gemelo_digital_qav250' build argument 'ament_cmake_args' from command line to 'None'
[0.249s] Level 5:colcon.colcon_core.verb:set package 'gemelo_digital_qav250' build argument 'catkin_cmake_args' from command line to 'None'
[0.249s] Level 5:colcon.colcon_core.verb:set package 'gemelo_digital_qav250' build argument 'catkin_skip_building_tests' from command line to 'False'
[0.249s] DEBUG:colcon.colcon_core.verb:Building package 'gemelo_digital_qav250' with the following arguments: {'ament_cmake_args': None, 'build_base': '/home/bris/Desktop/reto/gemelo_digital_qav250/src_tw/build/gemelo_digital_qav250', 'catkin_cmake_args': None, 'catkin_skip_building_tests': False, 'cmake_args': None, 'cmake_clean_cache': False, 'cmake_clean_first': False, 'cmake_force_configure': False, 'cmake_target': None, 'cmake_target_skip_unavailable': False, 'install_base': '/home/bris/Desktop/reto/gemelo_digital_qav250/src_tw/install/gemelo_digital_qav250', 'merge_install': False, 'path': '/home/bris/Desktop/reto/gemelo_digital_qav250/src_tw', 'symlink_install': True, 'test_result_base': None}
[0.249s] INFO:colcon.colcon_core.executor:Executing jobs using 'parallel' executor
[0.250s] DEBUG:colcon.colcon_parallel_executor.executor.parallel:run_until_complete
[0.250s] INFO:colcon.colcon_ros.task.ament_python.build:Building ROS package in '/home/bris/Desktop/reto/gemelo_digital_qav250/src_tw' with build type 'ament_python'
[0.250s] Level 1:colcon.colcon_core.shell:create_environment_hook('gemelo_digital_qav250', 'ament_prefix_path')
[0.251s] INFO:colcon.colcon_core.plugin_system:Skipping extension 'colcon_core.shell.bat': Not used on non-Windows systems
[0.251s] INFO:colcon.colcon_core.shell:Creating environment hook '/home/bris/Desktop/reto/gemelo_digital_qav250/src_tw/install/gemelo_digital_qav250/share/gemelo_digital_qav250/hook/ament_prefix_path.ps1'
[0.252s] INFO:colcon.colcon_core.shell:Creating environment descriptor '/home/bris/Desktop/reto/gemelo_digital_qav250/src_tw/install/gemelo_digital_qav250/share/gemelo_digital_qav250/hook/ament_prefix_path.dsv'
[0.252s] INFO:colcon.colcon_core.shell:Creating environment hook '/home/bris/Desktop/reto/gemelo_digital_qav250/src_tw/install/gemelo_digital_qav250/share/gemelo_digital_qav250/hook/ament_prefix_path.sh'
[0.253s] INFO:colcon.colcon_core.shell:Skip shell extension 'powershell' for command environment: Not usable outside of PowerShell
[0.253s] DEBUG:colcon.colcon_core.shell:Skip shell extension 'dsv' for command environment
[0.427s] INFO:colcon.colcon_core.task.python.build:Building Python package in '/home/bris/Desktop/reto/gemelo_digital_qav250/src_tw'
[0.428s] INFO:colcon.colcon_core.shell:Skip shell extension 'powershell' for command environment: Not usable outside of PowerShell
[0.428s] DEBUG:colcon.colcon_core.shell:Skip shell extension 'dsv' for command environment
[0.677s] DEBUG:colcon.colcon_core.event_handler.log_command:Invoking command in '/home/bris/Desktop/reto/gemelo_digital_qav250/src_tw/build/gemelo_digital_qav250': PYTHONPATH=/home/bris/Desktop/reto/gemelo_digital_qav250/src_tw/build/gemelo_digital_qav250/prefix_override:/usr/lib/python3/dist-packages/colcon_core/task/python/colcon_distutils_commands:/home/bris/Desktop/reto/gemelo_digital_qav250/src_tw/install/gemelo_digital_qav250/lib/python3.10/site-packages:${PYTHONPATH} /usr/bin/python3 -W ignore:setup.py install is deprecated -W ignore:easy_install command is deprecated setup.py develop --editable --build-directory /home/bris/Desktop/reto/gemelo_digital_qav250/src_tw/build/gemelo_digital_qav250/build --no-deps symlink_data
[1.003s] Level 1:colcon.colcon_core.shell:create_environment_hook('gemelo_digital_qav250', 'pythonpath_develop')
[1.003s] INFO:colcon.colcon_core.shell:Creating environment hook '/home/bris/Desktop/reto/gemelo_digital_qav250/src_tw/build/gemelo_digital_qav250/share/gemelo_digital_qav250/hook/pythonpath_develop.ps1'
[1.004s] DEBUG:colcon.colcon_core.event_handler.log_command:Invoked command in '/home/bris/Desktop/reto/gemelo_digital_qav250/src_tw/build/gemelo_digital_qav250' returned '0': PYTHONPATH=/home/bris/Desktop/reto/gemelo_digital_qav250/src_tw/build/gemelo_digital_qav250/prefix_override:/usr/lib/python3/dist-packages/colcon_core/task/python/colcon_distutils_commands:/home/bris/Desktop/reto/gemelo_digital_qav250/src_tw/install/gemelo_digital_qav250/lib/python3.10/site-packages:${PYTHONPATH} /usr/bin/python3 -W ignore:setup.py install is deprecated -W ignore:easy_install command is deprecated setup.py develop --editable --build-directory /home/bris/Desktop/reto/gemelo_digital_qav250/src_tw/build/gemelo_digital_qav250/build --no-deps symlink_data
[1.004s] INFO:colcon.colcon_core.shell:Creating environment descriptor '/home/bris/Desktop/reto/gemelo_digital_qav250/src_tw/build/gemelo_digital_qav250/share/gemelo_digital_qav250/hook/pythonpath_develop.dsv'
[1.004s] INFO:colcon.colcon_core.shell:Creating environment hook '/home/bris/Desktop/reto/gemelo_digital_qav250/src_tw/build/gemelo_digital_qav250/share/gemelo_digital_qav250/hook/pythonpath_develop.sh'
[1.006s] Level 1:colcon.colcon_core.environment:checking '/home/bris/Desktop/reto/gemelo_digital_qav250/src_tw/install/gemelo_digital_qav250' for CMake module files
[1.006s] Level 1:colcon.colcon_core.environment:checking '/home/bris/Desktop/reto/gemelo_digital_qav250/src_tw/install/gemelo_digital_qav250' for CMake config files
[1.007s] Level 1:colcon.colcon_core.environment:checking '/home/bris/Desktop/reto/gemelo_digital_qav250/src_tw/install/gemelo_digital_qav250/lib'
[1.007s] Level 1:colcon.colcon_core.environment:checking '/home/bris/Desktop/reto/gemelo_digital_qav250/src_tw/install/gemelo_digital_qav250/bin'
[1.007s] Level 1:colcon.colcon_core.environment:checking '/home/bris/Desktop/reto/gemelo_digital_qav250/src_tw/install/gemelo_digital_qav250/lib/pkgconfig/gemelo_digital_qav250.pc'
[1.007s] Level 1:colcon.colcon_core.environment:checking '/home/bris/Desktop/reto/gemelo_digital_qav250/src_tw/install/gemelo_digital_qav250/lib/python3.10/site-packages'
[1.007s] Level 1:colcon.colcon_core.shell:create_environment_hook('gemelo_digital_qav250', 'pythonpath')
[1.007s] INFO:colcon.colcon_core.shell:Creating environment hook '/home/bris/Desktop/reto/gemelo_digital_qav250/src_tw/install/gemelo_digital_qav250/share/gemelo_digital_qav250/hook/pythonpath.ps1'
[1.015s] INFO:colcon.colcon_core.shell:Creating environment descriptor '/home/bris/Desktop/reto/gemelo_digital_qav250/src_tw/install/gemelo_digital_qav250/share/gemelo_digital_qav250/hook/pythonpath.dsv'
[1.015s] INFO:colcon.colcon_core.shell:Creating environment hook '/home/bris/Desktop/reto/gemelo_digital_qav250/src_tw/install/gemelo_digital_qav250/share/gemelo_digital_qav250/hook/pythonpath.sh'
[1.016s] Level 1:colcon.colcon_core.environment:checking '/home/bris/Desktop/reto/gemelo_digital_qav250/src_tw/install/gemelo_digital_qav250/bin'
[1.016s] Level 1:colcon.colcon_core.environment:create_environment_scripts_only(gemelo_digital_qav250)
[1.016s] INFO:colcon.colcon_core.shell:Creating package script '/home/bris/Desktop/reto/gemelo_digital_qav250/src_tw/install/gemelo_digital_qav250/share/gemelo_digital_qav250/package.ps1'
[1.017s] INFO:colcon.colcon_core.shell:Creating package descriptor '/home/bris/Desktop/reto/gemelo_digital_qav250/src_tw/install/gemelo_digital_qav250/share/gemelo_digital_qav250/package.dsv'
[1.017s] INFO:colcon.colcon_core.shell:Creating package script '/home/bris/Desktop/reto/gemelo_digital_qav250/src_tw/install/gemelo_digital_qav250/share/gemelo_digital_qav250/package.sh'
[1.018s] INFO:colcon.colcon_core.shell:Creating package script '/home/bris/Desktop/reto/gemelo_digital_qav250/src_tw/install/gemelo_digital_qav250/share/gemelo_digital_qav250/package.bash'
[1.018s] INFO:colcon.colcon_core.shell:Creating package script '/home/bris/Desktop/reto/gemelo_digital_qav250/src_tw/install/gemelo_digital_qav250/share/gemelo_digital_qav250/package.zsh'
[1.018s] Level 1:colcon.colcon_core.environment:create_file_with_runtime_dependencies(/home/bris/Desktop/reto/gemelo_digital_qav250/src_tw/install/gemelo_digital_qav250/share/colcon-core/packages/gemelo_digital_qav250)
[1.019s] DEBUG:colcon.colcon_parallel_executor.executor.parallel:closing loop
[1.019s] DEBUG:colcon.colcon_parallel_executor.executor.parallel:loop closed
[1.019s] DEBUG:colcon.colcon_parallel_executor.executor.parallel:run_until_complete finished with '0'
[1.019s] DEBUG:colcon.colcon_core.event_reactor:joining thread
[1.031s] INFO:colcon.colcon_core.plugin_system:Skipping extension 'colcon_notification.desktop_notification.terminal_notifier': Not used on non-Darwin systems
[1.031s] INFO:colcon.colcon_core.plugin_system:Skipping extension 'colcon_notification.desktop_notification.win32': Not used on non-Windows systems
[1.031s] INFO:colcon.colcon_notification.desktop_notification:Sending desktop notification using 'notify2'
[1.039s] DEBUG:colcon.colcon_core.event_reactor:joined thread
[1.039s] INFO:colcon.colcon_core.shell:Creating prefix script '/home/bris/Desktop/reto/gemelo_digital_qav250/src_tw/install/local_setup.ps1'
[1.040s] INFO:colcon.colcon_core.shell:Creating prefix util module '/home/bris/Desktop/reto/gemelo_digital_qav250/src_tw/install/_local_setup_util_ps1.py'
[1.040s] INFO:colcon.colcon_core.shell:Creating prefix chain script '/home/bris/Desktop/reto/gemelo_digital_qav250/src_tw/install/setup.ps1'
[1.041s] INFO:colcon.colcon_core.shell:Creating prefix script '/home/bris/Desktop/reto/gemelo_digital_qav250/src_tw/install/local_setup.sh'
[1.042s] INFO:colcon.colcon_core.shell:Creating prefix util module '/home/bris/Desktop/reto/gemelo_digital_qav250/src_tw/install/_local_setup_util_sh.py'
[1.042s] INFO:colcon.colcon_core.shell:Creating prefix chain script '/home/bris/Desktop/reto/gemelo_digital_qav250/src_tw/install/setup.sh'
[1.042s] INFO:colcon.colcon_core.shell:Creating prefix script '/home/bris/Desktop/reto/gemelo_digital_qav250/src_tw/install/local_setup.bash'
[1.043s] INFO:colcon.colcon_core.shell:Creating prefix chain script '/home/bris/Desktop/reto/gemelo_digital_qav250/src_tw/install/setup.bash'
[1.043s] INFO:colcon.colcon_core.shell:Creating prefix script '/home/bris/Desktop/reto/gemelo_digital_qav250/src_tw/install/local_setup.zsh'
[1.044s] INFO:colcon.colcon_core.shell:Creating prefix chain script '/home/bris/Desktop/reto/gemelo_digital_qav250/src_tw/install/setup.zsh'
