[1.038s] DEBUG:colcon:Command line arguments: ['/usr/bin/colcon', 'build', '--packages-select', 'gemelo_digital_qav250', '--symlink-install']
[1.039s] DEBUG:colcon:Parsed command line arguments: Namespace(log_base=None, log_level=None, verb_name='build', build_base='build', install_base='install', merge_install=False, symlink_install=True, test_result_base=None, continue_on_error=False, executor='parallel', parallel_workers=8, event_handlers=None, ignore_user_meta=False, metas=['./colcon.meta'], base_paths=['.'], packages_ignore=None, packages_ignore_regex=None, paths=None, packages_up_to=None, packages_up_to_regex=None, packages_above=None, packages_above_and_dependencies=None, packages_above_depth=None, packages_select_by_dep=None, packages_skip_by_dep=None, packages_skip_up_to=None, packages_select_build_failed=False, packages_skip_build_finished=False, packages_select_test_failures=False, packages_skip_test_passed=False, packages_select=['gemelo_digital_qav250'], packages_skip=None, packages_select_regex=None, packages_skip_regex=None, packages_start=None, packages_end=None, allow_overriding=[], cmake_args=None, cmake_target=None, cmake_target_skip_unavailable=False, cmake_clean_cache=False, cmake_clean_first=False, cmake_force_configure=False, ament_cmake_args=None, catkin_cmake_args=None, catkin_skip_building_tests=False, mixin_files=None, mixin=None, verb_parser=<colcon_mixin.mixin.mixin_argument.MixinArgumentDecorator object at 0x7f7b604631f0>, verb_extension=<colcon_core.verb.build.BuildVerb object at 0x7f7b60428730>, main=<bound method BuildVerb.main of <colcon_core.verb.build.BuildVerb object at 0x7f7b60428730>>, mixin_verb=('build',))
[7.954s] Level 1:colcon.colcon_core.package_discovery:discover_packages(colcon_meta) check parameters
[7.954s] Level 1:colcon.colcon_core.package_discovery:discover_packages(recursive) check parameters
[7.954s] Level 1:colcon.colcon_core.package_discovery:discover_packages(ignore) check parameters
[7.954s] Level 1:colcon.colcon_core.package_discovery:discover_packages(path) check parameters
[7.954s] Level 1:colcon.colcon_core.package_discovery:discover_packages(colcon_meta) discover
[7.954s] Level 1:colcon.colcon_core.package_discovery:discover_packages(recursive) discover
[7.954s] INFO:colcon.colcon_core.package_discovery:Crawling recursively for packages in '/home/bris/Desktop/reto/gemelo_digital_qav250/src_tw'
[7.954s] Level 1:colcon.colcon_core.package_identification:_identify(.) by extensions ['ignore', 'ignore_ament_install']
[7.954s] Level 1:colcon.colcon_core.package_identification:_identify(.) by extension 'ignore'
[7.954s] Level 1:colcon.colcon_core.package_identification:_identify(.) by extension 'ignore_ament_install'
[7.955s] Level 1:colcon.colcon_core.package_identification:_identify(.) by extensions ['colcon_pkg']
[7.955s] Level 1:colcon.colcon_core.package_identification:_identify(.) by extension 'colcon_pkg'
[7.955s] Level 1:colcon.colcon_core.package_identification:_identify(.) by extensions ['colcon_meta']
[7.955s] Level 1:colcon.colcon_core.package_identification:_identify(.) by extension 'colcon_meta'
[7.955s] Level 1:colcon.colcon_core.package_identification:_identify(.) by extensions ['ros']
[7.955s] Level 1:colcon.colcon_core.package_identification:_identify(.) by extension 'ros'
[8.214s] DEBUG:colcon.colcon_core.package_identification:Package '.' with type 'ros.ament_python' and name 'gemelo_digital_qav250'
[8.214s] Level 1:colcon.colcon_core.package_discovery:discover_packages(recursive) using defaults
[8.214s] Level 1:colcon.colcon_core.package_discovery:discover_packages(ignore) discover
[8.214s] Level 1:colcon.colcon_core.package_discovery:discover_packages(ignore) using defaults
[8.214s] Level 1:colcon.colcon_core.package_discovery:discover_packages(path) discover
[8.214s] Level 1:colcon.colcon_core.package_discovery:discover_packages(path) using defaults
[8.485s] Level 1:colcon.colcon_core.package_discovery:discover_packages(prefix_path) check parameters
[8.485s] Level 1:colcon.colcon_core.package_discovery:discover_packages(prefix_path) discover
[8.664s] DEBUG:colcon.colcon_installed_package_information.package_discovery:Found 1 installed packages in /home/bris/ros2_ws/install
[8.665s] DEBUG:colcon.colcon_installed_package_information.package_discovery:Found 288 installed packages in /opt/ros/humble
[8.666s] Level 1:colcon.colcon_core.package_discovery:discover_packages(prefix_path) using defaults
[8.767s] Level 5:colcon.colcon_core.verb:set package 'gemelo_digital_qav250' build argument 'cmake_args' from command line to 'None'
[8.767s] Level 5:colcon.colcon_core.verb:set package 'gemelo_digital_qav250' build argument 'cmake_target' from command line to 'None'
[8.767s] Level 5:colcon.colcon_core.verb:set package 'gemelo_digital_qav250' build argument 'cmake_target_skip_unavailable' from command line to 'False'
[8.767s] Level 5:colcon.colcon_core.verb:set package 'gemelo_digital_qav250' build argument 'cmake_clean_cache' from command line to 'False'
[8.767s] Level 5:colcon.colcon_core.verb:set package 'gemelo_digital_qav250' build argument 'cmake_clean_first' from command line to 'False'
[8.767s] Level 5:colcon.colcon_core.verb:set package 'gemelo_digital_qav250' build argument 'cmake_force_configure' from command line to 'False'
[8.767s] Level 5:colcon.colcon_core.verb:set package 'gemelo_digital_qav250' build argument 'ament_cmake_args' from command line to 'None'
[8.767s] Level 5:colcon.colcon_core.verb:set package 'gemelo_digital_qav250' build argument 'catkin_cmake_args' from command line to 'None'
[8.767s] Level 5:colcon.colcon_core.verb:set package 'gemelo_digital_qav250' build argument 'catkin_skip_building_tests' from command line to 'False'
[8.767s] DEBUG:colcon.colcon_core.verb:Building package 'gemelo_digital_qav250' with the following arguments: {'ament_cmake_args': None, 'build_base': '/home/bris/Desktop/reto/gemelo_digital_qav250/src_tw/build/gemelo_digital_qav250', 'catkin_cmake_args': None, 'catkin_skip_building_tests': False, 'cmake_args': None, 'cmake_clean_cache': False, 'cmake_clean_first': False, 'cmake_force_configure': False, 'cmake_target': None, 'cmake_target_skip_unavailable': False, 'install_base': '/home/bris/Desktop/reto/gemelo_digital_qav250/src_tw/install/gemelo_digital_qav250', 'merge_install': False, 'path': '/home/bris/Desktop/reto/gemelo_digital_qav250/src_tw', 'symlink_install': True, 'test_result_base': None}
[8.767s] INFO:colcon.colcon_core.executor:Executing jobs using 'parallel' executor
[8.768s] DEBUG:colcon.colcon_parallel_executor.executor.parallel:run_until_complete
[8.768s] INFO:colcon.colcon_ros.task.ament_python.build:Building ROS package in '/home/bris/Desktop/reto/gemelo_digital_qav250/src_tw' with build type 'ament_python'
[8.768s] Level 1:colcon.colcon_core.shell:create_environment_hook('gemelo_digital_qav250', 'ament_prefix_path')
[8.806s] INFO:colcon.colcon_core.plugin_system:Skipping extension 'colcon_core.shell.bat': Not used on non-Windows systems
[8.806s] INFO:colcon.colcon_core.shell:Creating environment hook '/home/bris/Desktop/reto/gemelo_digital_qav250/src_tw/install/gemelo_digital_qav250/share/gemelo_digital_qav250/hook/ament_prefix_path.ps1'
[8.875s] INFO:colcon.colcon_core.shell:Creating environment descriptor '/home/bris/Desktop/reto/gemelo_digital_qav250/src_tw/install/gemelo_digital_qav250/share/gemelo_digital_qav250/hook/ament_prefix_path.dsv'
[8.892s] INFO:colcon.colcon_core.shell:Creating environment hook '/home/bris/Desktop/reto/gemelo_digital_qav250/src_tw/install/gemelo_digital_qav250/share/gemelo_digital_qav250/hook/ament_prefix_path.sh'
[8.901s] INFO:colcon.colcon_core.shell:Skip shell extension 'powershell' for command environment: Not usable outside of PowerShell
[8.901s] DEBUG:colcon.colcon_core.shell:Skip shell extension 'dsv' for command environment
[9.156s] INFO:colcon.colcon_core.task.python.build:Building Python package in '/home/bris/Desktop/reto/gemelo_digital_qav250/src_tw'
[9.157s] INFO:colcon.colcon_core.shell:Skip shell extension 'powershell' for command environment: Not usable outside of PowerShell
[9.157s] DEBUG:colcon.colcon_core.shell:Skip shell extension 'dsv' for command environment
[10.357s] DEBUG:colcon.colcon_core.event_handler.log_command:Invoking command in '/home/bris/Desktop/reto/gemelo_digital_qav250/src_tw/build/gemelo_digital_qav250': PYTHONPATH=/home/bris/Desktop/reto/gemelo_digital_qav250/src_tw/build/gemelo_digital_qav250/prefix_override:/usr/lib/python3/dist-packages/colcon_core/task/python/colcon_distutils_commands:/home/bris/Desktop/reto/gemelo_digital_qav250/src_tw/install/gemelo_digital_qav250/lib/python3.10/site-packages:${PYTHONPATH} /usr/bin/python3 -W ignore:setup.py install is deprecated -W ignore:easy_install command is deprecated setup.py develop --editable --build-directory /home/bris/Desktop/reto/gemelo_digital_qav250/src_tw/build/gemelo_digital_qav250/build --no-deps symlink_data
[10.772s] Level 1:colcon.colcon_core.shell:create_environment_hook('gemelo_digital_qav250', 'pythonpath_develop')
[10.773s] INFO:colcon.colcon_core.shell:Creating environment hook '/home/bris/Desktop/reto/gemelo_digital_qav250/src_tw/build/gemelo_digital_qav250/share/gemelo_digital_qav250/hook/pythonpath_develop.ps1'
[10.773s] DEBUG:colcon.colcon_core.event_handler.log_command:Invoked command in '/home/bris/Desktop/reto/gemelo_digital_qav250/src_tw/build/gemelo_digital_qav250' returned '0': PYTHONPATH=/home/bris/Desktop/reto/gemelo_digital_qav250/src_tw/build/gemelo_digital_qav250/prefix_override:/usr/lib/python3/dist-packages/colcon_core/task/python/colcon_distutils_commands:/home/bris/Desktop/reto/gemelo_digital_qav250/src_tw/install/gemelo_digital_qav250/lib/python3.10/site-packages:${PYTHONPATH} /usr/bin/python3 -W ignore:setup.py install is deprecated -W ignore:easy_install command is deprecated setup.py develop --editable --build-directory /home/bris/Desktop/reto/gemelo_digital_qav250/src_tw/build/gemelo_digital_qav250/build --no-deps symlink_data
[10.773s] INFO:colcon.colcon_core.shell:Creating environment descriptor '/home/bris/Desktop/reto/gemelo_digital_qav250/src_tw/build/gemelo_digital_qav250/share/gemelo_digital_qav250/hook/pythonpath_develop.dsv'
[10.784s] INFO:colcon.colcon_core.shell:Creating environment hook '/home/bris/Desktop/reto/gemelo_digital_qav250/src_tw/build/gemelo_digital_qav250/share/gemelo_digital_qav250/hook/pythonpath_develop.sh'
[10.820s] Level 1:colcon.colcon_core.environment:checking '/home/bris/Desktop/reto/gemelo_digital_qav250/src_tw/install/gemelo_digital_qav250' for CMake module files
[10.820s] Level 1:colcon.colcon_core.environment:checking '/home/bris/Desktop/reto/gemelo_digital_qav250/src_tw/install/gemelo_digital_qav250' for CMake config files
[10.821s] Level 1:colcon.colcon_core.environment:checking '/home/bris/Desktop/reto/gemelo_digital_qav250/src_tw/install/gemelo_digital_qav250/lib'
[10.821s] Level 1:colcon.colcon_core.environment:checking '/home/bris/Desktop/reto/gemelo_digital_qav250/src_tw/install/gemelo_digital_qav250/bin'
[10.821s] Level 1:colcon.colcon_core.environment:checking '/home/bris/Desktop/reto/gemelo_digital_qav250/src_tw/install/gemelo_digital_qav250/lib/pkgconfig/gemelo_digital_qav250.pc'
[10.821s] Level 1:colcon.colcon_core.environment:checking '/home/bris/Desktop/reto/gemelo_digital_qav250/src_tw/install/gemelo_digital_qav250/lib/python3.10/site-packages'
[10.821s] Level 1:colcon.colcon_core.shell:create_environment_hook('gemelo_digital_qav250', 'pythonpath')
[10.821s] INFO:colcon.colcon_core.shell:Creating environment hook '/home/bris/Desktop/reto/gemelo_digital_qav250/src_tw/install/gemelo_digital_qav250/share/gemelo_digital_qav250/hook/pythonpath.ps1'
[10.822s] INFO:colcon.colcon_core.shell:Creating environment descriptor '/home/bris/Desktop/reto/gemelo_digital_qav250/src_tw/install/gemelo_digital_qav250/share/gemelo_digital_qav250/hook/pythonpath.dsv'
[10.832s] INFO:colcon.colcon_core.shell:Creating environment hook '/home/bris/Desktop/reto/gemelo_digital_qav250/src_tw/install/gemelo_digital_qav250/share/gemelo_digital_qav250/hook/pythonpath.sh'
[10.833s] Level 1:colcon.colcon_core.environment:checking '/home/bris/Desktop/reto/gemelo_digital_qav250/src_tw/install/gemelo_digital_qav250/bin'
[10.833s] Level 1:colcon.colcon_core.environment:create_environment_scripts_only(gemelo_digital_qav250)
[10.833s] INFO:colcon.colcon_core.shell:Creating package script '/home/bris/Desktop/reto/gemelo_digital_qav250/src_tw/install/gemelo_digital_qav250/share/gemelo_digital_qav250/package.ps1'
[10.888s] INFO:colcon.colcon_core.shell:Creating package descriptor '/home/bris/Desktop/reto/gemelo_digital_qav250/src_tw/install/gemelo_digital_qav250/share/gemelo_digital_qav250/package.dsv'
[10.899s] INFO:colcon.colcon_core.shell:Creating package script '/home/bris/Desktop/reto/gemelo_digital_qav250/src_tw/install/gemelo_digital_qav250/share/gemelo_digital_qav250/package.sh'
[10.910s] INFO:colcon.colcon_core.shell:Creating package script '/home/bris/Desktop/reto/gemelo_digital_qav250/src_tw/install/gemelo_digital_qav250/share/gemelo_digital_qav250/package.bash'
[10.962s] INFO:colcon.colcon_core.shell:Creating package script '/home/bris/Desktop/reto/gemelo_digital_qav250/src_tw/install/gemelo_digital_qav250/share/gemelo_digital_qav250/package.zsh'
[11.023s] Level 1:colcon.colcon_core.environment:create_file_with_runtime_dependencies(/home/bris/Desktop/reto/gemelo_digital_qav250/src_tw/install/gemelo_digital_qav250/share/colcon-core/packages/gemelo_digital_qav250)
[11.034s] DEBUG:colcon.colcon_parallel_executor.executor.parallel:closing loop
[11.035s] DEBUG:colcon.colcon_parallel_executor.executor.parallel:loop closed
[11.035s] DEBUG:colcon.colcon_parallel_executor.executor.parallel:run_until_complete finished with '0'
[11.035s] DEBUG:colcon.colcon_core.event_reactor:joining thread
[11.219s] INFO:colcon.colcon_core.plugin_system:Skipping extension 'colcon_notification.desktop_notification.terminal_notifier': Not used on non-Darwin systems
[11.219s] INFO:colcon.colcon_core.plugin_system:Skipping extension 'colcon_notification.desktop_notification.win32': Not used on non-Windows systems
[11.219s] INFO:colcon.colcon_notification.desktop_notification:Sending desktop notification using 'notify2'
[11.226s] DEBUG:colcon.colcon_core.event_reactor:joined thread
[11.226s] INFO:colcon.colcon_core.shell:Creating prefix script '/home/bris/Desktop/reto/gemelo_digital_qav250/src_tw/install/local_setup.ps1'
[11.257s] INFO:colcon.colcon_core.shell:Creating prefix util module '/home/bris/Desktop/reto/gemelo_digital_qav250/src_tw/install/_local_setup_util_ps1.py'
[11.275s] INFO:colcon.colcon_core.shell:Creating prefix chain script '/home/bris/Desktop/reto/gemelo_digital_qav250/src_tw/install/setup.ps1'
[11.287s] INFO:colcon.colcon_core.shell:Creating prefix script '/home/bris/Desktop/reto/gemelo_digital_qav250/src_tw/install/local_setup.sh'
[11.298s] INFO:colcon.colcon_core.shell:Creating prefix util module '/home/bris/Desktop/reto/gemelo_digital_qav250/src_tw/install/_local_setup_util_sh.py'
[11.299s] INFO:colcon.colcon_core.shell:Creating prefix chain script '/home/bris/Desktop/reto/gemelo_digital_qav250/src_tw/install/setup.sh'
[11.300s] INFO:colcon.colcon_core.shell:Creating prefix script '/home/bris/Desktop/reto/gemelo_digital_qav250/src_tw/install/local_setup.bash'
[11.344s] INFO:colcon.colcon_core.shell:Creating prefix chain script '/home/bris/Desktop/reto/gemelo_digital_qav250/src_tw/install/setup.bash'
[11.355s] INFO:colcon.colcon_core.shell:Creating prefix script '/home/bris/Desktop/reto/gemelo_digital_qav250/src_tw/install/local_setup.zsh'
[11.415s] INFO:colcon.colcon_core.shell:Creating prefix chain script '/home/bris/Desktop/reto/gemelo_digital_qav250/src_tw/install/setup.zsh'
