[0.000000] (-) TimerEvent: {}
[0.000105] (gemelo_digital_qav250) JobQueued: {'identifier': 'gemelo_digital_qav250', 'dependencies': OrderedDict()}
[0.000390] (gemelo_digital_qav250) JobStarted: {'identifier': 'gemelo_digital_qav250'}
[0.099943] (-) TimerEvent: {}
[0.200255] (-) TimerEvent: {}
[0.300395] (-) TimerEvent: {}
[0.400943] (-) TimerEvent: {}
[0.501768] (-) TimerEvent: {}
[0.601985] (-) TimerEvent: {}
[0.702172] (-) TimerEvent: {}
[0.802454] (-) TimerEvent: {}
[0.902795] (-) TimerEvent: {}
[1.003061] (-) TimerEvent: {}
[1.103258] (-) TimerEvent: {}
[1.203413] (-) TimerEvent: {}
[1.303619] (-) TimerEvent: {}
[1.404401] (-) TimerEvent: {}
[1.504715] (-) TimerEvent: {}
[1.604934] (-) TimerEvent: {}
[1.705171] (-) TimerEvent: {}
[1.805352] (-) TimerEvent: {}
[1.905553] (-) TimerEvent: {}
[2.005757] (-) TimerEvent: {}
[2.106006] (-) TimerEvent: {}
[2.206260] (-) TimerEvent: {}
[2.306470] (-) TimerEvent: {}
[2.406717] (-) TimerEvent: {}
[2.506948] (-) TimerEvent: {}
[2.607208] (-) TimerEvent: {}
[2.707416] (-) TimerEvent: {}
[2.807649] (-) TimerEvent: {}
[2.907833] (-) TimerEvent: {}
[3.008111] (-) TimerEvent: {}
[3.108291] (-) TimerEvent: {}
[3.183054] (gemelo_digital_qav250) Command: {'cmd': ['/usr/bin/python3', '-W', 'ignore:setup.py install is deprecated', '-W', 'ignore:easy_install command is deprecated', 'setup.py', 'develop', '--editable', '--build-directory', '/home/bris/Desktop/reto/gemelo_digital_qav250/src_tw/build/gemelo_digital_qav250/build', '--no-deps', 'symlink_data'], 'cwd': '/home/bris/Desktop/reto/gemelo_digital_qav250/src_tw/build/gemelo_digital_qav250', 'env': {'GJS_DEBUG_TOPICS': 'JS ERROR;JS LOG', 'LESSOPEN': '| /usr/bin/lesspipe %s', 'VSCODE_CWD': '/home/bris', 'USER': 'bris', 'LC_TIME': 'es_MX.UTF-8', 'VSCODE_NLS_CONFIG': '{"userLocale":"en-us","osLocale":"en-us","resolvedLanguage":"en","defaultMessagesFile":"/usr/share/antigravity/resources/app/out/nls.messages.json","locale":"en-us","availableLanguages":{}}', 'XDG_SESSION_TYPE': 'wayland', 'SHLVL': '0', 'LD_LIBRARY_PATH': '/usr/lib/x86_64-linux-gnu/gazebo-11/plugins:/usr/lib/x86_64-linux-gnu/gazebo-11/plugins:/opt/ros/humble/opt/rviz_ogre_vendor/lib:/opt/ros/humble/lib/x86_64-linux-gnu:/opt/ros/humble/lib:/usr/lib/x86_64-linux-gnu/gazebo-11/plugins:/usr/lib/x86_64-linux-gnu/gazebo-11/plugins:', 'HOME': '/home/bris', 'CHROME_DESKTOP': 'antigravity.desktop', 'DESKTOP_SESSION': 'ubuntu', 'VSCODE_IPC_HOOK': '/run/user/1000/vscode-b428d1a3-1.10-main.sock', 'GIO_LAUNCHED_DESKTOP_FILE': '/usr/share/applications/antigravity.desktop', 'GAZEBO_MASTER_URI': 'http://localhost:11345', 'ROS_PYTHON_VERSION': '3', 'GNOME_SHELL_SESSION_MODE': 'ubuntu', 'GTK_MODULES': 'gail:atk-bridge', 'PAGER': 'cat', 'LC_MONETARY': 'es_MX.UTF-8', 'MANAGERPID': '1023', 'SYSTEMD_EXEC_PID': '1300', 'IM_CONFIG_CHECK_ENV': '1', 'DBUS_SESSION_BUS_ADDRESS': 'unix:path=/run/user/1000/bus', 'ANTIGRAVITY_AGENT': '1', 'GIO_LAUNCHED_DESKTOP_FILE_PID': '5402', 'IM_CONFIG_PHASE': '1', 'WAYLAND_DISPLAY': 'wayland-0', 'COLCON_PREFIX_PATH': '/home/bris/ros2_ws/install', 'ROS_DISTRO': 'humble', 'LOGNAME': 'bris', '_': '/usr/bin/colcon', 'JOURNAL_STREAM': '8:10155', 'ROS_VERSION': '2', 'XDG_SESSION_CLASS': 'user', 'USERNAME': 'bris', 'TERM': 'dumb', 'GAZEBO_MODEL_PATH': '/usr/share/gazebo-11/models:/usr/share/gazebo-11/models::/home/bris/ros2_ws/src/gemelo_digital_qav250/models', 'GNOME_DESKTOP_SESSION_ID': 'this-is-deprecated', 'FC_FONTATIONS': '1', 'ROS_LOCALHOST_ONLY': '0', 'ANTIGRAVITY_EDITOR_APP_ROOT': '/usr/share/antigravity/resources/app', 'OGRE_RESOURCE_PATH': '/usr/lib/x86_64-linux-gnu/OGRE-1.9.0', 'PATH': '/home/bris/.local/bin:/opt/ros/humble/bin:/home/bris/.local/bin:/usr/local/sbin:/usr/local/bin:/usr/sbin:/usr/bin:/sbin:/bin:/usr/games:/usr/local/games:/snap/bin:/snap/bin:/opt/xtensa-esp-elf/bin/', 'SESSION_MANAGER': 'local/bris-BoDE-WXX9:@/tmp/.ICE-unix/1268,unix/bris-BoDE-WXX9:/tmp/.ICE-unix/1268', 'INVOCATION_ID': '69b1eddf34b84db5b811eb3c8c0fcbe1', 'XDG_MENU_PREFIX': 'gnome-', 'LC_ADDRESS': 'es_MX.UTF-8', 'GNOME_SETUP_DISPLAY': ':1', 'XDG_RUNTIME_DIR': '/run/user/1000', 'GDK_BACKEND': 'wayland', 'DISPLAY': ':0', 'LANG': 'en_US.UTF-8', 'XDG_CURRENT_DESKTOP': 'ubuntu:GNOME', 'LC_TELEPHONE': 'es_MX.UTF-8', 'XMODIFIERS': '@im=ibus', 'XDG_SESSION_DESKTOP': 'ubuntu', 'XAUTHORITY': '/run/user/1000/.mutter-Xwaylandauth.WEVUQ3', 'LS_COLORS': '', 'SSH_AGENT_LAUNCHER': 'gnome-keyring', 'SSH_AUTH_SOCK': '/run/user/1000/keyring/ssh', 'AMENT_PREFIX_PATH': '/home/bris/ros2_ws/install/gemelo_digital_qav250:/opt/ros/humble', 'SHELL': '/bin/bash', 'LC_NAME': 'es_MX.UTF-8', 'QT_ACCESSIBILITY': '1', 'GDMSESSION': 'ubuntu', 'LESSCLOSE': '/usr/bin/lesspipe %s %s', 'LC_MEASUREMENT': 'es_MX.UTF-8', 'GAZEBO_RESOURCE_PATH': '/usr/share/gazebo-11:', 'GJS_DEBUG_OUTPUT': 'stderr', 'LC_IDENTIFICATION': 'es_MX.UTF-8', 'GAZEBO_MODEL_DATABASE_URI': 'http://models.gazebosim.org', 'QT_IM_MODULE': 'ibus', 'ANTIGRAVITY_TRAJECTORY_ID': '8ce945fa-1b69-4b08-b1a5-c0243d5acfc7', 'PWD': '/home/bris/Desktop/reto/gemelo_digital_qav250/src_tw/build/gemelo_digital_qav250', 'XDG_CONFIG_DIRS': '/etc/xdg/xdg-ubuntu:/etc/xdg', 'VSCODE_CODE_CACHE_PATH': '/home/bris/.config/Antigravity/CachedData/15487b3041e65228cae24980a3f796c905ef582c', 'GAZEBO_PLUGIN_PATH': '/usr/lib/x86_64-linux-gnu/gazebo-11/plugins:/usr/lib/x86_64-linux-gnu/gazebo-11/plugins:', 'XDG_DATA_DIRS': '/usr/share/ubuntu:/usr/local/share/:/usr/share/:/var/lib/snapd/desktop', 'PYTHONPATH': '/home/bris/Desktop/reto/gemelo_digital_qav250/src_tw/build/gemelo_digital_qav250/prefix_override:/usr/lib/python3/dist-packages/colcon_core/task/python/colcon_distutils_commands:/home/bris/Desktop/reto/gemelo_digital_qav250/src_tw/install/gemelo_digital_qav250/lib/python3.10/site-packages:/home/bris/ros2_ws/install/gemelo_digital_qav250/lib/python3.10/site-packages:/opt/ros/humble/lib/python3.10/site-packages:/opt/ros/humble/local/lib/python3.10/dist-packages', 'LC_NUMERIC': 'es_MX.UTF-8', 'LC_PAPER': 'es_MX.UTF-8', 'COLCON': '1', 'VSCODE_PID': '5402'}, 'shell': False}
[3.208373] (-) TimerEvent: {}
[3.308554] (-) TimerEvent: {}
[3.377088] (gemelo_digital_qav250) StdoutLine: {'line': b'running develop\n'}
[3.408695] (-) TimerEvent: {}
[3.508924] (-) TimerEvent: {}
[3.546292] (gemelo_digital_qav250) StdoutLine: {'line': b'running egg_info\n'}
[3.546489] (gemelo_digital_qav250) StdoutLine: {'line': b'writing gemelo_digital_qav250.egg-info/PKG-INFO\n'}
[3.546701] (gemelo_digital_qav250) StdoutLine: {'line': b'writing dependency_links to gemelo_digital_qav250.egg-info/dependency_links.txt\n'}
[3.546766] (gemelo_digital_qav250) StdoutLine: {'line': b'writing entry points to gemelo_digital_qav250.egg-info/entry_points.txt\n'}
[3.546802] (gemelo_digital_qav250) StdoutLine: {'line': b'writing requirements to gemelo_digital_qav250.egg-info/requires.txt\n'}
[3.546834] (gemelo_digital_qav250) StdoutLine: {'line': b'writing top-level names to gemelo_digital_qav250.egg-info/top_level.txt\n'}
[3.548333] (gemelo_digital_qav250) StdoutLine: {'line': b"reading manifest file 'gemelo_digital_qav250.egg-info/SOURCES.txt'\n"}
[3.558907] (gemelo_digital_qav250) StdoutLine: {'line': b"writing manifest file 'gemelo_digital_qav250.egg-info/SOURCES.txt'\n"}
[3.560002] (gemelo_digital_qav250) StdoutLine: {'line': b'running build_ext\n'}
[3.560131] (gemelo_digital_qav250) StdoutLine: {'line': b'Creating /home/bris/Desktop/reto/gemelo_digital_qav250/src_tw/install/gemelo_digital_qav250/lib/python3.10/site-packages/gemelo-digital-qav250.egg-link (link to .)\n'}
[3.570126] (gemelo_digital_qav250) StdoutLine: {'line': b'Installing captura_pwm script to /home/bris/Desktop/reto/gemelo_digital_qav250/src_tw/install/gemelo_digital_qav250/lib/gemelo_digital_qav250\n'}
[3.570298] (gemelo_digital_qav250) StdoutLine: {'line': b'Installing nodo_gemelo_digital script to /home/bris/Desktop/reto/gemelo_digital_qav250/src_tw/install/gemelo_digital_qav250/lib/gemelo_digital_qav250\n'}
[3.570390] (gemelo_digital_qav250) StdoutLine: {'line': b'Installing registrar_datos script to /home/bris/Desktop/reto/gemelo_digital_qav250/src_tw/install/gemelo_digital_qav250/lib/gemelo_digital_qav250\n'}
[3.570476] (gemelo_digital_qav250) StdoutLine: {'line': b'Installing rutina_demo script to /home/bris/Desktop/reto/gemelo_digital_qav250/src_tw/install/gemelo_digital_qav250/lib/gemelo_digital_qav250\n'}
[3.570591] (gemelo_digital_qav250) StdoutLine: {'line': b'Installing ver_pose script to /home/bris/Desktop/reto/gemelo_digital_qav250/src_tw/install/gemelo_digital_qav250/lib/gemelo_digital_qav250\n'}
[3.570646] (gemelo_digital_qav250) StdoutLine: {'line': b'\n'}
[3.570700] (gemelo_digital_qav250) StdoutLine: {'line': b'Installed /home/bris/Desktop/reto/gemelo_digital_qav250/src_tw/build/gemelo_digital_qav250\n'}
[3.570756] (gemelo_digital_qav250) StdoutLine: {'line': b'running symlink_data\n'}
[3.593881] (gemelo_digital_qav250) CommandEnded: {'returncode': 0}
[3.609024] (-) TimerEvent: {}
[3.709232] (-) TimerEvent: {}
[3.809459] (-) TimerEvent: {}
[3.826460] (gemelo_digital_qav250) JobEnded: {'identifier': 'gemelo_digital_qav250', 'rc': 0}
[3.826879] (-) EventReactorShutdown: {}
