[3.340s] DEBUG:colcon:Command line arguments: ['/usr/bin/colcon', 'build', '--packages-select', 'gemelo_digital_qav250', '--symlink-install']
[3.340s] DEBUG:colcon:Parsed command line arguments: Namespace(log_base=None, log_level=None, verb_name='build', build_base='build', install_base='install', merge_install=False, symlink_install=True, test_result_base=None, continue_on_error=False, executor='parallel', parallel_workers=8, event_handlers=None, ignore_user_meta=False, metas=['./colcon.meta'], base_paths=['.'], packages_ignore=None, packages_ignore_regex=None, paths=None, packages_up_to=None, packages_up_to_regex=None, packages_above=None, packages_above_and_dependencies=None, packages_above_depth=None, packages_select_by_dep=None, packages_skip_by_dep=None, packages_skip_up_to=None, packages_select_build_failed=False, packages_skip_build_finished=False, packages_select_test_failures=False, packages_skip_test_passed=False, packages_select=['gemelo_digital_qav250'], packages_skip=None, packages_select_regex=None, packages_skip_regex=None, packages_start=None, packages_end=None, allow_overriding=[], cmake_args=None, cmake_target=None, cmake_target_skip_unavailable=False, cmake_clean_cache=False, cmake_clean_first=False, cmake_force_configure=False, ament_cmake_args=None, catkin_cmake_args=None, catkin_skip_building_tests=False, mixin_files=None, mixin=None, verb_parser=<colcon_mixin.mixin.mixin_argument.MixinArgumentDecorator object at 0x786d691671f0>, verb_extension=<colcon_core.verb.build.BuildVerb object at 0x786d69128730>, main=<bound method BuildVerb.main of <colcon_core.verb.build.BuildVerb object at 0x786d69128730>>, mixin_verb=('build',))
[9.801s] Level 1:colcon.colcon_core.package_discovery:discover_packages(colcon_meta) check parameters
[9.801s] Level 1:colcon.colcon_core.package_discovery:discover_packages(recursive) check parameters
[9.801s] Level 1:colcon.colcon_core.package_discovery:discover_packages(ignore) check parameters
[9.801s] Level 1:colcon.colcon_core.package_discovery:discover_packages(path) check parameters
[9.801s] Level 1:colcon.colcon_core.package_discovery:discover_packages(colcon_meta) discover
[9.802s] Level 1:colcon.colcon_core.package_discovery:discover_packages(recursive) discover
[9.802s] INFO:colcon.colcon_core.package_discovery:Crawling recursively for packages in '/home/bris/Desktop/reto/gemelo_digital_qav250/src_tw'
[9.802s] Level 1:colcon.colcon_core.package_identification:_identify(.) by extensions ['ignore', 'ignore_ament_install']
[9.802s] Level 1:colcon.colcon_core.package_identification:_identify(.) by extension 'ignore'
[9.802s] Level 1:colcon.colcon_core.package_identification:_identify(.) by extension 'ignore_ament_install'
[9.802s] Level 1:colcon.colcon_core.package_identification:_identify(.) by extensions ['colcon_pkg']
[9.802s] Level 1:colcon.colcon_core.package_identification:_identify(.) by extension 'colcon_pkg'
[9.802s] Level 1:colcon.colcon_core.package_identification:_identify(.) by extensions ['colcon_meta']
[9.802s] Level 1:colcon.colcon_core.package_identification:_identify(.) by extension 'colcon_meta'
[9.802s] Level 1:colcon.colcon_core.package_identification:_identify(.) by extensions ['ros']
[9.802s] Level 1:colcon.colcon_core.package_identification:_identify(.) by extension 'ros'
[9.900s] DEBUG:colcon.colcon_core.package_identification:Package '.' with type 'ros.ament_python' and name 'gemelo_digital_qav250'
[9.900s] Level 1:colcon.colcon_core.package_discovery:discover_packages(recursive) using defaults
[9.900s] Level 1:colcon.colcon_core.package_discovery:discover_packages(ignore) discover
[9.900s] Level 1:colcon.colcon_core.package_discovery:discover_packages(ignore) using defaults
[9.900s] Level 1:colcon.colcon_core.package_discovery:discover_packages(path) discover
[9.900s] Level 1:colcon.colcon_core.package_discovery:discover_packages(path) using defaults
[10.494s] Level 1:colcon.colcon_core.package_discovery:discover_packages(prefix_path) check parameters
[10.494s] Level 1:colcon.colcon_core.package_discovery:discover_packages(prefix_path) discover
[10.594s] DEBUG:colcon.colcon_installed_package_information.package_discovery:Found 1 installed packages in /home/bris/ros2_ws/install
[10.595s] DEBUG:colcon.colcon_installed_package_information.package_discovery:Found 288 installed packages in /opt/ros/humble
[10.596s] Level 1:colcon.colcon_core.package_discovery:discover_packages(prefix_path) using defaults
[10.668s] Level 5:colcon.colcon_core.verb:set package 'gemelo_digital_qav250' build argument 'cmake_args' from command line to 'None'
[10.668s] Level 5:colcon.colcon_core.verb:set package 'gemelo_digital_qav250' build argument 'cmake_target' from command line to 'None'
[10.668s] Level 5:colcon.colcon_core.verb:set package 'gemelo_digital_qav250' build argument 'cmake_target_skip_unavailable' from command line to 'False'
[10.668s] Level 5:colcon.colcon_core.verb:set package 'gemelo_digital_qav250' build argument 'cmake_clean_cache' from command line to 'False'
[10.668s] Level 5:colcon.colcon_core.verb:set package 'gemelo_digital_qav250' build argument 'cmake_clean_first' from command line to 'False'
[10.668s] Level 5:colcon.colcon_core.verb:set package 'gemelo_digital_qav250' build argument 'cmake_force_configure' from command line to 'False'
[10.668s] Level 5:colcon.colcon_core.verb:set package 'gemelo_digital_qav250' build argument 'ament_cmake_args' from command line to 'None'
[10.668s] Level 5:colcon.colcon_core.verb:set package 'gemelo_digital_qav250' build argument 'catkin_cmake_args' from command line to 'None'
[10.668s] Level 5:colcon.colcon_core.verb:set package 'gemelo_digital_qav250' build argument 'catkin_skip_building_tests' from command line to 'False'
[10.668s] DEBUG:colcon.colcon_core.verb:Building package 'gemelo_digital_qav250' with the following arguments: {'ament_cmake_args': None, 'build_base': '/home/bris/Desktop/reto/gemelo_digital_qav250/src_tw/build/gemelo_digital_qav250', 'catkin_cmake_args': None, 'catkin_skip_building_tests': False, 'cmake_args': None, 'cmake_clean_cache': False, 'cmake_clean_first': False, 'cmake_force_configure': False, 'cmake_target': None, 'cmake_target_skip_unavailable': False, 'install_base': '/home/bris/Desktop/reto/gemelo_digital_qav250/src_tw/install/gemelo_digital_qav250', 'merge_install': False, 'path': '/home/bris/Desktop/reto/gemelo_digital_qav250/src_tw', 'symlink_install': True, 'test_result_base': None}
[10.668s] INFO:colcon.colcon_core.executor:Executing jobs using 'parallel' executor
[10.669s] DEBUG:colcon.colcon_parallel_executor.executor.parallel:run_until_complete
[10.669s] INFO:colcon.colcon_ros.task.ament_python.build:Building ROS package in '/home/bris/Desktop/reto/gemelo_digital_qav250/src_tw' with build type 'ament_python'
[10.669s] Level 1:colcon.colcon_core.shell:create_environment_hook('gemelo_digital_qav250', 'ament_prefix_path')
[10.769s] INFO:colcon.colcon_core.plugin_system:Skipping extension 'colcon_core.shell.bat': Not used on non-Windows systems
[10.769s] INFO:colcon.colcon_core.shell:Creating environment hook '/home/bris/Desktop/reto/gemelo_digital_qav250/src_tw/install/gemelo_digital_qav250/share/gemelo_digital_qav250/hook/ament_prefix_path.ps1'
[10.848s] INFO:colcon.colcon_core.shell:Creating environment descriptor '/home/bris/Desktop/reto/gemelo_digital_qav250/src_tw/install/gemelo_digital_qav250/share/gemelo_digital_qav250/hook/ament_prefix_path.dsv'
[10.867s] INFO:colcon.colcon_core.shell:Creating environment hook '/home/bris/Desktop/reto/gemelo_digital_qav250/src_tw/install/gemelo_digital_qav250/share/gemelo_digital_qav250/hook/ament_prefix_path.sh'
[10.875s] INFO:colcon.colcon_core.shell:Skip shell extension 'powershell' for command environment: Not usable outside of PowerShell
[10.875s] DEBUG:colcon.colcon_core.shell:Skip shell extension 'dsv' for command environment
[11.232s] INFO:colcon.colcon_core.task.python.build:Building Python package in '/home/bris/Desktop/reto/gemelo_digital_qav250/src_tw'
[11.233s] INFO:colcon.colcon_core.shell:Skip shell extension 'powershell' for command environment: Not usable outside of PowerShell
[11.233s] DEBUG:colcon.colcon_core.shell:Skip shell extension 'dsv' for command environment
[13.853s] DEBUG:colcon.colcon_core.event_handler.log_command:Invoking command in '/home/bris/Desktop/reto/gemelo_digital_qav250/src_tw/build/gemelo_digital_qav250': PYTHONPATH=/home/bris/Desktop/reto/gemelo_digital_qav250/src_tw/build/gemelo_digital_qav250/prefix_override:/usr/lib/python3/dist-packages/colcon_core/task/python/colcon_distutils_commands:/home/bris/Desktop/reto/gemelo_digital_qav250/src_tw/install/gemelo_digital_qav250/lib/python3.10/site-packages:${PYTHONPATH} /usr/bin/python3 -W ignore:setup.py install is deprecated -W ignore:easy_install command is deprecated setup.py develop --editable --build-directory /home/bris/Desktop/reto/gemelo_digital_qav250/src_tw/build/gemelo_digital_qav250/build --no-deps symlink_data
[14.263s] Level 1:colcon.colcon_core.shell:create_environment_hook('gemelo_digital_qav250', 'pythonpath_develop')
[14.263s] INFO:colcon.colcon_core.shell:Creating environment hook '/home/bris/Desktop/reto/gemelo_digital_qav250/src_tw/build/gemelo_digital_qav250/share/gemelo_digital_qav250/hook/pythonpath_develop.ps1'
[14.263s] DEBUG:colcon.colcon_core.event_handler.log_command:Invoked command in '/home/bris/Desktop/reto/gemelo_digital_qav250/src_tw/build/gemelo_digital_qav250' returned '0': PYTHONPATH=/home/bris/Desktop/reto/gemelo_digital_qav250/src_tw/build/gemelo_digital_qav250/prefix_override:/usr/lib/python3/dist-packages/colcon_core/task/python/colcon_distutils_commands:/home/bris/Desktop/reto/gemelo_digital_qav250/src_tw/install/gemelo_digital_qav250/lib/python3.10/site-packages:${PYTHONPATH} /usr/bin/python3 -W ignore:setup.py install is deprecated -W ignore:easy_install command is deprecated setup.py develop --editable --build-directory /home/bris/Desktop/reto/gemelo_digital_qav250/src_tw/build/gemelo_digital_qav250/build --no-deps symlink_data
[14.264s] INFO:colcon.colcon_core.shell:Creating environment descriptor '/home/bris/Desktop/reto/gemelo_digital_qav250/src_tw/build/gemelo_digital_qav250/share/gemelo_digital_qav250/hook/pythonpath_develop.dsv'
[14.274s] INFO:colcon.colcon_core.shell:Creating environment hook '/home/bris/Desktop/reto/gemelo_digital_qav250/src_tw/build/gemelo_digital_qav250/share/gemelo_digital_qav250/hook/pythonpath_develop.sh'
[14.317s] Level 1:colcon.colcon_core.environment:checking '/home/bris/Desktop/reto/gemelo_digital_qav250/src_tw/install/gemelo_digital_qav250' for CMake module files
[14.317s] Level 1:colcon.colcon_core.environment:checking '/home/bris/Desktop/reto/gemelo_digital_qav250/src_tw/install/gemelo_digital_qav250' for CMake config files
[14.318s] Level 1:colcon.colcon_core.environment:checking '/home/bris/Desktop/reto/gemelo_digital_qav250/src_tw/install/gemelo_digital_qav250/lib'
[14.318s] Level 1:colcon.colcon_core.environment:checking '/home/bris/Desktop/reto/gemelo_digital_qav250/src_tw/install/gemelo_digital_qav250/bin'
[14.318s] Level 1:colcon.colcon_core.environment:checking '/home/bris/Desktop/reto/gemelo_digital_qav250/src_tw/install/gemelo_digital_qav250/lib/pkgconfig/gemelo_digital_qav250.pc'
[14.318s] Level 1:colcon.colcon_core.environment:checking '/home/bris/Desktop/reto/gemelo_digital_qav250/src_tw/install/gemelo_digital_qav250/lib/python3.10/site-packages'
[14.318s] Level 1:colcon.colcon_core.shell:create_environment_hook('gemelo_digital_qav250', 'pythonpath')
[14.318s] INFO:colcon.colcon_core.shell:Creating environment hook '/home/bris/Desktop/reto/gemelo_digital_qav250/src_tw/install/gemelo_digital_qav250/share/gemelo_digital_qav250/hook/pythonpath.ps1'
[14.319s] INFO:colcon.colcon_core.shell:Creating environment descriptor '/home/bris/Desktop/reto/gemelo_digital_qav250/src_tw/install/gemelo_digital_qav250/share/gemelo_digital_qav250/hook/pythonpath.dsv'
[14.329s] INFO:colcon.colcon_core.shell:Creating environment hook '/home/bris/Desktop/reto/gemelo_digital_qav250/src_tw/install/gemelo_digital_qav250/share/gemelo_digital_qav250/hook/pythonpath.sh'
[14.330s] Level 1:colcon.colcon_core.environment:checking '/home/bris/Desktop/reto/gemelo_digital_qav250/src_tw/install/gemelo_digital_qav250/bin'
[14.330s] Level 1:colcon.colcon_core.environment:create_environment_scripts_only(gemelo_digital_qav250)
[14.330s] INFO:colcon.colcon_core.shell:Creating package script '/home/bris/Desktop/reto/gemelo_digital_qav250/src_tw/install/gemelo_digital_qav250/share/gemelo_digital_qav250/package.ps1'
[14.386s] INFO:colcon.colcon_core.shell:Creating package descriptor '/home/bris/Desktop/reto/gemelo_digital_qav250/src_tw/install/gemelo_digital_qav250/share/gemelo_digital_qav250/package.dsv'
[14.413s] INFO:colcon.colcon_core.shell:Creating package script '/home/bris/Desktop/reto/gemelo_digital_qav250/src_tw/install/gemelo_digital_qav250/share/gemelo_digital_qav250/package.sh'
[14.424s] INFO:colcon.colcon_core.shell:Creating package script '/home/bris/Desktop/reto/gemelo_digital_qav250/src_tw/install/gemelo_digital_qav250/share/gemelo_digital_qav250/package.bash'
[14.470s] INFO:colcon.colcon_core.shell:Creating package script '/home/bris/Desktop/reto/gemelo_digital_qav250/src_tw/install/gemelo_digital_qav250/share/gemelo_digital_qav250/package.zsh'
[14.485s] Level 1:colcon.colcon_core.environment:create_file_with_runtime_dependencies(/home/bris/Desktop/reto/gemelo_digital_qav250/src_tw/install/gemelo_digital_qav250/share/colcon-core/packages/gemelo_digital_qav250)
[14.495s] DEBUG:colcon.colcon_parallel_executor.executor.parallel:closing loop
[14.496s] DEBUG:colcon.colcon_parallel_executor.executor.parallel:loop closed
[14.496s] DEBUG:colcon.colcon_parallel_executor.executor.parallel:run_until_complete finished with '0'
[14.496s] DEBUG:colcon.colcon_core.event_reactor:joining thread
[14.501s] INFO:colcon.colcon_core.plugin_system:Skipping extension 'colcon_notification.desktop_notification.terminal_notifier': Not used on non-Darwin systems
[14.501s] INFO:colcon.colcon_core.plugin_system:Skipping extension 'colcon_notification.desktop_notification.win32': Not used on non-Windows systems
[14.501s] INFO:colcon.colcon_notification.desktop_notification:Sending desktop notification using 'notify2'
[14.514s] DEBUG:colcon.colcon_core.event_reactor:joined thread
[14.514s] INFO:colcon.colcon_core.shell:Creating prefix script '/home/bris/Desktop/reto/gemelo_digital_qav250/src_tw/install/local_setup.ps1'
[14.566s] INFO:colcon.colcon_core.shell:Creating prefix util module '/home/bris/Desktop/reto/gemelo_digital_qav250/src_tw/install/_local_setup_util_ps1.py'
[14.572s] INFO:colcon.colcon_core.shell:Creating prefix chain script '/home/bris/Desktop/reto/gemelo_digital_qav250/src_tw/install/setup.ps1'
[14.583s] INFO:colcon.colcon_core.shell:Creating prefix script '/home/bris/Desktop/reto/gemelo_digital_qav250/src_tw/install/local_setup.sh'
[14.632s] INFO:colcon.colcon_core.shell:Creating prefix util module '/home/bris/Desktop/reto/gemelo_digital_qav250/src_tw/install/_local_setup_util_sh.py'
[14.643s] INFO:colcon.colcon_core.shell:Creating prefix chain script '/home/bris/Desktop/reto/gemelo_digital_qav250/src_tw/install/setup.sh'
[14.644s] INFO:colcon.colcon_core.shell:Creating prefix script '/home/bris/Desktop/reto/gemelo_digital_qav250/src_tw/install/local_setup.bash'
[14.656s] INFO:colcon.colcon_core.shell:Creating prefix chain script '/home/bris/Desktop/reto/gemelo_digital_qav250/src_tw/install/setup.bash'
[14.657s] INFO:colcon.colcon_core.shell:Creating prefix script '/home/bris/Desktop/reto/gemelo_digital_qav250/src_tw/install/local_setup.zsh'
[14.657s] INFO:colcon.colcon_core.shell:Creating prefix chain script '/home/bris/Desktop/reto/gemelo_digital_qav250/src_tw/install/setup.zsh'
